[2024-12-31T02:11:23.538+0000] {processor.py:161} INFO - Started process (PID=129) to work on /home/airflow/.local/lib/python3.9/site-packages/airflow/example_dags/plugins/listener_plugin.py
[2024-12-31T02:11:23.540+0000] {processor.py:830} INFO - Processing file /home/airflow/.local/lib/python3.9/site-packages/airflow/example_dags/plugins/listener_plugin.py for tasks to queue
[2024-12-31T02:11:23.542+0000] {logging_mixin.py:188} INFO - [2024-12-31T02:11:23.542+0000] {dagbag.py:545} INFO - Filling up the DagBag from /home/airflow/.local/lib/python3.9/site-packages/airflow/example_dags/plugins/listener_plugin.py
[2024-12-31T02:11:23.555+0000] {processor.py:842} WARNING - No viable dags retrieved from /home/airflow/.local/lib/python3.9/site-packages/airflow/example_dags/plugins/listener_plugin.py
[2024-12-31T02:11:23.596+0000] {processor.py:183} INFO - Processing /home/airflow/.local/lib/python3.9/site-packages/airflow/example_dags/plugins/listener_plugin.py took 0.076 seconds
[2024-12-31T02:11:54.255+0000] {processor.py:161} INFO - Started process (PID=195) to work on /home/airflow/.local/lib/python3.9/site-packages/airflow/example_dags/plugins/listener_plugin.py
[2024-12-31T02:11:54.257+0000] {processor.py:830} INFO - Processing file /home/airflow/.local/lib/python3.9/site-packages/airflow/example_dags/plugins/listener_plugin.py for tasks to queue
[2024-12-31T02:11:54.259+0000] {logging_mixin.py:188} INFO - [2024-12-31T02:11:54.259+0000] {dagbag.py:545} INFO - Filling up the DagBag from /home/airflow/.local/lib/python3.9/site-packages/airflow/example_dags/plugins/listener_plugin.py
[2024-12-31T02:11:54.263+0000] {processor.py:842} WARNING - No viable dags retrieved from /home/airflow/.local/lib/python3.9/site-packages/airflow/example_dags/plugins/listener_plugin.py
[2024-12-31T02:11:54.287+0000] {processor.py:183} INFO - Processing /home/airflow/.local/lib/python3.9/site-packages/airflow/example_dags/plugins/listener_plugin.py took 0.041 seconds
[2024-12-31T02:12:24.661+0000] {processor.py:161} INFO - Started process (PID=261) to work on /home/airflow/.local/lib/python3.9/site-packages/airflow/example_dags/plugins/listener_plugin.py
[2024-12-31T02:12:24.663+0000] {processor.py:830} INFO - Processing file /home/airflow/.local/lib/python3.9/site-packages/airflow/example_dags/plugins/listener_plugin.py for tasks to queue
[2024-12-31T02:12:24.665+0000] {logging_mixin.py:188} INFO - [2024-12-31T02:12:24.665+0000] {dagbag.py:545} INFO - Filling up the DagBag from /home/airflow/.local/lib/python3.9/site-packages/airflow/example_dags/plugins/listener_plugin.py
[2024-12-31T02:12:24.669+0000] {processor.py:842} WARNING - No viable dags retrieved from /home/airflow/.local/lib/python3.9/site-packages/airflow/example_dags/plugins/listener_plugin.py
[2024-12-31T02:12:24.718+0000] {processor.py:183} INFO - Processing /home/airflow/.local/lib/python3.9/site-packages/airflow/example_dags/plugins/listener_plugin.py took 0.067 seconds
[2024-12-31T02:12:54.898+0000] {processor.py:161} INFO - Started process (PID=328) to work on /home/airflow/.local/lib/python3.9/site-packages/airflow/example_dags/plugins/listener_plugin.py
[2024-12-31T02:12:54.900+0000] {processor.py:830} INFO - Processing file /home/airflow/.local/lib/python3.9/site-packages/airflow/example_dags/plugins/listener_plugin.py for tasks to queue
[2024-12-31T02:12:54.903+0000] {logging_mixin.py:188} INFO - [2024-12-31T02:12:54.902+0000] {dagbag.py:545} INFO - Filling up the DagBag from /home/airflow/.local/lib/python3.9/site-packages/airflow/example_dags/plugins/listener_plugin.py
[2024-12-31T02:12:54.907+0000] {processor.py:842} WARNING - No viable dags retrieved from /home/airflow/.local/lib/python3.9/site-packages/airflow/example_dags/plugins/listener_plugin.py
[2024-12-31T02:12:54.929+0000] {processor.py:183} INFO - Processing /home/airflow/.local/lib/python3.9/site-packages/airflow/example_dags/plugins/listener_plugin.py took 0.041 seconds
[2024-12-31T02:13:25.651+0000] {processor.py:161} INFO - Started process (PID=394) to work on /home/airflow/.local/lib/python3.9/site-packages/airflow/example_dags/plugins/listener_plugin.py
[2024-12-31T02:13:25.653+0000] {processor.py:830} INFO - Processing file /home/airflow/.local/lib/python3.9/site-packages/airflow/example_dags/plugins/listener_plugin.py for tasks to queue
[2024-12-31T02:13:25.655+0000] {logging_mixin.py:188} INFO - [2024-12-31T02:13:25.655+0000] {dagbag.py:545} INFO - Filling up the DagBag from /home/airflow/.local/lib/python3.9/site-packages/airflow/example_dags/plugins/listener_plugin.py
[2024-12-31T02:13:25.659+0000] {processor.py:842} WARNING - No viable dags retrieved from /home/airflow/.local/lib/python3.9/site-packages/airflow/example_dags/plugins/listener_plugin.py
[2024-12-31T02:13:25.683+0000] {processor.py:183} INFO - Processing /home/airflow/.local/lib/python3.9/site-packages/airflow/example_dags/plugins/listener_plugin.py took 0.041 seconds
[2024-12-31T02:13:56.937+0000] {processor.py:161} INFO - Started process (PID=468) to work on /home/airflow/.local/lib/python3.9/site-packages/airflow/example_dags/plugins/listener_plugin.py
[2024-12-31T02:13:56.939+0000] {processor.py:830} INFO - Processing file /home/airflow/.local/lib/python3.9/site-packages/airflow/example_dags/plugins/listener_plugin.py for tasks to queue
[2024-12-31T02:13:56.941+0000] {logging_mixin.py:188} INFO - [2024-12-31T02:13:56.941+0000] {dagbag.py:545} INFO - Filling up the DagBag from /home/airflow/.local/lib/python3.9/site-packages/airflow/example_dags/plugins/listener_plugin.py
[2024-12-31T02:13:56.945+0000] {processor.py:842} WARNING - No viable dags retrieved from /home/airflow/.local/lib/python3.9/site-packages/airflow/example_dags/plugins/listener_plugin.py
[2024-12-31T02:13:56.983+0000] {processor.py:183} INFO - Processing /home/airflow/.local/lib/python3.9/site-packages/airflow/example_dags/plugins/listener_plugin.py took 0.063 seconds
[2024-12-31T02:14:27.959+0000] {processor.py:161} INFO - Started process (PID=534) to work on /home/airflow/.local/lib/python3.9/site-packages/airflow/example_dags/plugins/listener_plugin.py
[2024-12-31T02:14:27.961+0000] {processor.py:830} INFO - Processing file /home/airflow/.local/lib/python3.9/site-packages/airflow/example_dags/plugins/listener_plugin.py for tasks to queue
[2024-12-31T02:14:27.963+0000] {logging_mixin.py:188} INFO - [2024-12-31T02:14:27.963+0000] {dagbag.py:545} INFO - Filling up the DagBag from /home/airflow/.local/lib/python3.9/site-packages/airflow/example_dags/plugins/listener_plugin.py
[2024-12-31T02:14:27.967+0000] {processor.py:842} WARNING - No viable dags retrieved from /home/airflow/.local/lib/python3.9/site-packages/airflow/example_dags/plugins/listener_plugin.py
[2024-12-31T02:14:28.007+0000] {processor.py:183} INFO - Processing /home/airflow/.local/lib/python3.9/site-packages/airflow/example_dags/plugins/listener_plugin.py took 0.065 seconds
[2024-12-31T02:14:58.423+0000] {processor.py:161} INFO - Started process (PID=600) to work on /home/airflow/.local/lib/python3.9/site-packages/airflow/example_dags/plugins/listener_plugin.py
[2024-12-31T02:14:58.424+0000] {processor.py:830} INFO - Processing file /home/airflow/.local/lib/python3.9/site-packages/airflow/example_dags/plugins/listener_plugin.py for tasks to queue
[2024-12-31T02:14:58.426+0000] {logging_mixin.py:188} INFO - [2024-12-31T02:14:58.426+0000] {dagbag.py:545} INFO - Filling up the DagBag from /home/airflow/.local/lib/python3.9/site-packages/airflow/example_dags/plugins/listener_plugin.py
[2024-12-31T02:14:58.430+0000] {processor.py:842} WARNING - No viable dags retrieved from /home/airflow/.local/lib/python3.9/site-packages/airflow/example_dags/plugins/listener_plugin.py
[2024-12-31T02:14:58.455+0000] {processor.py:183} INFO - Processing /home/airflow/.local/lib/python3.9/site-packages/airflow/example_dags/plugins/listener_plugin.py took 0.042 seconds
[2024-12-31T02:15:31.413+0000] {processor.py:161} INFO - Started process (PID=665) to work on /home/airflow/.local/lib/python3.9/site-packages/airflow/example_dags/plugins/listener_plugin.py
[2024-12-31T02:15:31.415+0000] {processor.py:830} INFO - Processing file /home/airflow/.local/lib/python3.9/site-packages/airflow/example_dags/plugins/listener_plugin.py for tasks to queue
[2024-12-31T02:15:31.417+0000] {logging_mixin.py:188} INFO - [2024-12-31T02:15:31.417+0000] {dagbag.py:545} INFO - Filling up the DagBag from /home/airflow/.local/lib/python3.9/site-packages/airflow/example_dags/plugins/listener_plugin.py
[2024-12-31T02:15:31.421+0000] {processor.py:842} WARNING - No viable dags retrieved from /home/airflow/.local/lib/python3.9/site-packages/airflow/example_dags/plugins/listener_plugin.py
[2024-12-31T02:15:31.445+0000] {processor.py:183} INFO - Processing /home/airflow/.local/lib/python3.9/site-packages/airflow/example_dags/plugins/listener_plugin.py took 0.042 seconds
[2024-12-31T02:16:07.322+0000] {processor.py:161} INFO - Started process (PID=731) to work on /home/airflow/.local/lib/python3.9/site-packages/airflow/example_dags/plugins/listener_plugin.py
[2024-12-31T02:16:07.338+0000] {processor.py:830} INFO - Processing file /home/airflow/.local/lib/python3.9/site-packages/airflow/example_dags/plugins/listener_plugin.py for tasks to queue
[2024-12-31T02:16:07.341+0000] {logging_mixin.py:188} INFO - [2024-12-31T02:16:07.341+0000] {dagbag.py:545} INFO - Filling up the DagBag from /home/airflow/.local/lib/python3.9/site-packages/airflow/example_dags/plugins/listener_plugin.py
[2024-12-31T02:16:07.346+0000] {processor.py:842} WARNING - No viable dags retrieved from /home/airflow/.local/lib/python3.9/site-packages/airflow/example_dags/plugins/listener_plugin.py
[2024-12-31T02:16:07.370+0000] {processor.py:183} INFO - Processing /home/airflow/.local/lib/python3.9/site-packages/airflow/example_dags/plugins/listener_plugin.py took 0.057 seconds
[2024-12-31T02:17:08.904+0000] {processor.py:161} INFO - Started process (PID=811) to work on /home/airflow/.local/lib/python3.9/site-packages/airflow/example_dags/plugins/listener_plugin.py
[2024-12-31T02:17:08.989+0000] {processor.py:830} INFO - Processing file /home/airflow/.local/lib/python3.9/site-packages/airflow/example_dags/plugins/listener_plugin.py for tasks to queue
[2024-12-31T02:17:08.992+0000] {logging_mixin.py:188} INFO - [2024-12-31T02:17:08.992+0000] {dagbag.py:545} INFO - Filling up the DagBag from /home/airflow/.local/lib/python3.9/site-packages/airflow/example_dags/plugins/listener_plugin.py
[2024-12-31T02:17:08.996+0000] {processor.py:842} WARNING - No viable dags retrieved from /home/airflow/.local/lib/python3.9/site-packages/airflow/example_dags/plugins/listener_plugin.py
[2024-12-31T02:17:09.018+0000] {processor.py:183} INFO - Processing /home/airflow/.local/lib/python3.9/site-packages/airflow/example_dags/plugins/listener_plugin.py took 0.123 seconds
[2024-12-31T02:17:45.105+0000] {processor.py:161} INFO - Started process (PID=884) to work on /home/airflow/.local/lib/python3.9/site-packages/airflow/example_dags/plugins/listener_plugin.py
[2024-12-31T02:17:45.221+0000] {processor.py:830} INFO - Processing file /home/airflow/.local/lib/python3.9/site-packages/airflow/example_dags/plugins/listener_plugin.py for tasks to queue
[2024-12-31T02:17:45.224+0000] {logging_mixin.py:188} INFO - [2024-12-31T02:17:45.223+0000] {dagbag.py:545} INFO - Filling up the DagBag from /home/airflow/.local/lib/python3.9/site-packages/airflow/example_dags/plugins/listener_plugin.py
[2024-12-31T02:17:45.229+0000] {processor.py:842} WARNING - No viable dags retrieved from /home/airflow/.local/lib/python3.9/site-packages/airflow/example_dags/plugins/listener_plugin.py
[2024-12-31T02:17:45.255+0000] {processor.py:183} INFO - Processing /home/airflow/.local/lib/python3.9/site-packages/airflow/example_dags/plugins/listener_plugin.py took 0.167 seconds
[2024-12-31T02:18:15.436+0000] {processor.py:161} INFO - Started process (PID=943) to work on /home/airflow/.local/lib/python3.9/site-packages/airflow/example_dags/plugins/listener_plugin.py
[2024-12-31T02:18:15.437+0000] {processor.py:830} INFO - Processing file /home/airflow/.local/lib/python3.9/site-packages/airflow/example_dags/plugins/listener_plugin.py for tasks to queue
[2024-12-31T02:18:15.439+0000] {logging_mixin.py:188} INFO - [2024-12-31T02:18:15.439+0000] {dagbag.py:545} INFO - Filling up the DagBag from /home/airflow/.local/lib/python3.9/site-packages/airflow/example_dags/plugins/listener_plugin.py
[2024-12-31T02:18:15.443+0000] {processor.py:842} WARNING - No viable dags retrieved from /home/airflow/.local/lib/python3.9/site-packages/airflow/example_dags/plugins/listener_plugin.py
[2024-12-31T02:18:15.468+0000] {processor.py:183} INFO - Processing /home/airflow/.local/lib/python3.9/site-packages/airflow/example_dags/plugins/listener_plugin.py took 0.050 seconds
[2024-12-31T02:18:55.444+0000] {processor.py:161} INFO - Started process (PID=1024) to work on /home/airflow/.local/lib/python3.9/site-packages/airflow/example_dags/plugins/listener_plugin.py
[2024-12-31T02:18:55.446+0000] {processor.py:830} INFO - Processing file /home/airflow/.local/lib/python3.9/site-packages/airflow/example_dags/plugins/listener_plugin.py for tasks to queue
[2024-12-31T02:18:55.448+0000] {logging_mixin.py:188} INFO - [2024-12-31T02:18:55.448+0000] {dagbag.py:545} INFO - Filling up the DagBag from /home/airflow/.local/lib/python3.9/site-packages/airflow/example_dags/plugins/listener_plugin.py
[2024-12-31T02:18:55.452+0000] {processor.py:842} WARNING - No viable dags retrieved from /home/airflow/.local/lib/python3.9/site-packages/airflow/example_dags/plugins/listener_plugin.py
[2024-12-31T02:18:55.475+0000] {processor.py:183} INFO - Processing /home/airflow/.local/lib/python3.9/site-packages/airflow/example_dags/plugins/listener_plugin.py took 0.041 seconds
[2024-12-31T02:19:29.576+0000] {processor.py:161} INFO - Started process (PID=1090) to work on /home/airflow/.local/lib/python3.9/site-packages/airflow/example_dags/plugins/listener_plugin.py
[2024-12-31T02:19:29.650+0000] {processor.py:830} INFO - Processing file /home/airflow/.local/lib/python3.9/site-packages/airflow/example_dags/plugins/listener_plugin.py for tasks to queue
[2024-12-31T02:19:29.653+0000] {logging_mixin.py:188} INFO - [2024-12-31T02:19:29.652+0000] {dagbag.py:545} INFO - Filling up the DagBag from /home/airflow/.local/lib/python3.9/site-packages/airflow/example_dags/plugins/listener_plugin.py
[2024-12-31T02:19:29.657+0000] {processor.py:842} WARNING - No viable dags retrieved from /home/airflow/.local/lib/python3.9/site-packages/airflow/example_dags/plugins/listener_plugin.py
[2024-12-31T02:19:29.682+0000] {processor.py:183} INFO - Processing /home/airflow/.local/lib/python3.9/site-packages/airflow/example_dags/plugins/listener_plugin.py took 0.116 seconds
[2024-12-31T02:20:04.778+0000] {processor.py:161} INFO - Started process (PID=1163) to work on /home/airflow/.local/lib/python3.9/site-packages/airflow/example_dags/plugins/listener_plugin.py
[2024-12-31T02:20:04.794+0000] {processor.py:830} INFO - Processing file /home/airflow/.local/lib/python3.9/site-packages/airflow/example_dags/plugins/listener_plugin.py for tasks to queue
[2024-12-31T02:20:04.797+0000] {logging_mixin.py:188} INFO - [2024-12-31T02:20:04.797+0000] {dagbag.py:545} INFO - Filling up the DagBag from /home/airflow/.local/lib/python3.9/site-packages/airflow/example_dags/plugins/listener_plugin.py
[2024-12-31T02:20:04.803+0000] {processor.py:842} WARNING - No viable dags retrieved from /home/airflow/.local/lib/python3.9/site-packages/airflow/example_dags/plugins/listener_plugin.py
[2024-12-31T02:20:04.837+0000] {processor.py:183} INFO - Processing /home/airflow/.local/lib/python3.9/site-packages/airflow/example_dags/plugins/listener_plugin.py took 0.069 seconds
[2024-12-31T02:20:37.646+0000] {processor.py:161} INFO - Started process (PID=1235) to work on /home/airflow/.local/lib/python3.9/site-packages/airflow/example_dags/plugins/listener_plugin.py
[2024-12-31T02:20:37.655+0000] {processor.py:830} INFO - Processing file /home/airflow/.local/lib/python3.9/site-packages/airflow/example_dags/plugins/listener_plugin.py for tasks to queue
[2024-12-31T02:20:37.658+0000] {logging_mixin.py:188} INFO - [2024-12-31T02:20:37.657+0000] {dagbag.py:545} INFO - Filling up the DagBag from /home/airflow/.local/lib/python3.9/site-packages/airflow/example_dags/plugins/listener_plugin.py
[2024-12-31T02:20:37.663+0000] {processor.py:842} WARNING - No viable dags retrieved from /home/airflow/.local/lib/python3.9/site-packages/airflow/example_dags/plugins/listener_plugin.py
[2024-12-31T02:20:37.700+0000] {processor.py:183} INFO - Processing /home/airflow/.local/lib/python3.9/site-packages/airflow/example_dags/plugins/listener_plugin.py took 0.064 seconds
[2024-12-31T02:21:10.694+0000] {processor.py:161} INFO - Started process (PID=1301) to work on /home/airflow/.local/lib/python3.9/site-packages/airflow/example_dags/plugins/listener_plugin.py
[2024-12-31T02:21:10.731+0000] {processor.py:830} INFO - Processing file /home/airflow/.local/lib/python3.9/site-packages/airflow/example_dags/plugins/listener_plugin.py for tasks to queue
[2024-12-31T02:21:10.734+0000] {logging_mixin.py:188} INFO - [2024-12-31T02:21:10.733+0000] {dagbag.py:545} INFO - Filling up the DagBag from /home/airflow/.local/lib/python3.9/site-packages/airflow/example_dags/plugins/listener_plugin.py
[2024-12-31T02:21:10.738+0000] {processor.py:842} WARNING - No viable dags retrieved from /home/airflow/.local/lib/python3.9/site-packages/airflow/example_dags/plugins/listener_plugin.py
[2024-12-31T02:21:10.762+0000] {processor.py:183} INFO - Processing /home/airflow/.local/lib/python3.9/site-packages/airflow/example_dags/plugins/listener_plugin.py took 0.077 seconds
[2024-12-31T02:21:42.635+0000] {processor.py:161} INFO - Started process (PID=1373) to work on /home/airflow/.local/lib/python3.9/site-packages/airflow/example_dags/plugins/listener_plugin.py
[2024-12-31T02:21:42.655+0000] {processor.py:830} INFO - Processing file /home/airflow/.local/lib/python3.9/site-packages/airflow/example_dags/plugins/listener_plugin.py for tasks to queue
[2024-12-31T02:21:42.658+0000] {logging_mixin.py:188} INFO - [2024-12-31T02:21:42.657+0000] {dagbag.py:545} INFO - Filling up the DagBag from /home/airflow/.local/lib/python3.9/site-packages/airflow/example_dags/plugins/listener_plugin.py
[2024-12-31T02:21:42.662+0000] {processor.py:842} WARNING - No viable dags retrieved from /home/airflow/.local/lib/python3.9/site-packages/airflow/example_dags/plugins/listener_plugin.py
[2024-12-31T02:21:42.685+0000] {processor.py:183} INFO - Processing /home/airflow/.local/lib/python3.9/site-packages/airflow/example_dags/plugins/listener_plugin.py took 0.060 seconds
[2024-12-31T02:22:13.156+0000] {processor.py:161} INFO - Started process (PID=1439) to work on /home/airflow/.local/lib/python3.9/site-packages/airflow/example_dags/plugins/listener_plugin.py
[2024-12-31T02:22:13.158+0000] {processor.py:830} INFO - Processing file /home/airflow/.local/lib/python3.9/site-packages/airflow/example_dags/plugins/listener_plugin.py for tasks to queue
[2024-12-31T02:22:13.160+0000] {logging_mixin.py:188} INFO - [2024-12-31T02:22:13.160+0000] {dagbag.py:545} INFO - Filling up the DagBag from /home/airflow/.local/lib/python3.9/site-packages/airflow/example_dags/plugins/listener_plugin.py
[2024-12-31T02:22:13.164+0000] {processor.py:842} WARNING - No viable dags retrieved from /home/airflow/.local/lib/python3.9/site-packages/airflow/example_dags/plugins/listener_plugin.py
[2024-12-31T02:22:13.195+0000] {processor.py:183} INFO - Processing /home/airflow/.local/lib/python3.9/site-packages/airflow/example_dags/plugins/listener_plugin.py took 0.049 seconds
[2024-12-31T02:22:43.422+0000] {processor.py:161} INFO - Started process (PID=1506) to work on /home/airflow/.local/lib/python3.9/site-packages/airflow/example_dags/plugins/listener_plugin.py
[2024-12-31T02:22:43.423+0000] {processor.py:830} INFO - Processing file /home/airflow/.local/lib/python3.9/site-packages/airflow/example_dags/plugins/listener_plugin.py for tasks to queue
[2024-12-31T02:22:43.426+0000] {logging_mixin.py:188} INFO - [2024-12-31T02:22:43.425+0000] {dagbag.py:545} INFO - Filling up the DagBag from /home/airflow/.local/lib/python3.9/site-packages/airflow/example_dags/plugins/listener_plugin.py
[2024-12-31T02:22:43.430+0000] {processor.py:842} WARNING - No viable dags retrieved from /home/airflow/.local/lib/python3.9/site-packages/airflow/example_dags/plugins/listener_plugin.py
[2024-12-31T02:22:43.466+0000] {processor.py:183} INFO - Processing /home/airflow/.local/lib/python3.9/site-packages/airflow/example_dags/plugins/listener_plugin.py took 0.062 seconds
[2024-12-31T02:22:56.438+0000] {processor.py:161} INFO - Started process (PID=516) to work on /home/airflow/.local/lib/python3.9/site-packages/airflow/example_dags/plugins/listener_plugin.py
[2024-12-31T02:22:56.440+0000] {processor.py:830} INFO - Processing file /home/airflow/.local/lib/python3.9/site-packages/airflow/example_dags/plugins/listener_plugin.py for tasks to queue
[2024-12-31T02:22:56.442+0000] {logging_mixin.py:188} INFO - [2024-12-31T02:22:56.442+0000] {dagbag.py:545} INFO - Filling up the DagBag from /home/airflow/.local/lib/python3.9/site-packages/airflow/example_dags/plugins/listener_plugin.py
[2024-12-31T02:22:56.446+0000] {processor.py:842} WARNING - No viable dags retrieved from /home/airflow/.local/lib/python3.9/site-packages/airflow/example_dags/plugins/listener_plugin.py
[2024-12-31T02:22:56.484+0000] {processor.py:183} INFO - Processing /home/airflow/.local/lib/python3.9/site-packages/airflow/example_dags/plugins/listener_plugin.py took 0.066 seconds
[2024-12-31T02:23:13.624+0000] {processor.py:161} INFO - Started process (PID=1572) to work on /home/airflow/.local/lib/python3.9/site-packages/airflow/example_dags/plugins/listener_plugin.py
[2024-12-31T02:23:13.625+0000] {processor.py:830} INFO - Processing file /home/airflow/.local/lib/python3.9/site-packages/airflow/example_dags/plugins/listener_plugin.py for tasks to queue
[2024-12-31T02:23:13.628+0000] {logging_mixin.py:188} INFO - [2024-12-31T02:23:13.627+0000] {dagbag.py:545} INFO - Filling up the DagBag from /home/airflow/.local/lib/python3.9/site-packages/airflow/example_dags/plugins/listener_plugin.py
[2024-12-31T02:23:13.632+0000] {processor.py:842} WARNING - No viable dags retrieved from /home/airflow/.local/lib/python3.9/site-packages/airflow/example_dags/plugins/listener_plugin.py
[2024-12-31T02:23:13.655+0000] {processor.py:183} INFO - Processing /home/airflow/.local/lib/python3.9/site-packages/airflow/example_dags/plugins/listener_plugin.py took 0.041 seconds
[2024-12-31T02:23:44.898+0000] {processor.py:161} INFO - Started process (PID=1641) to work on /home/airflow/.local/lib/python3.9/site-packages/airflow/example_dags/plugins/listener_plugin.py
[2024-12-31T02:23:44.900+0000] {processor.py:830} INFO - Processing file /home/airflow/.local/lib/python3.9/site-packages/airflow/example_dags/plugins/listener_plugin.py for tasks to queue
[2024-12-31T02:23:44.902+0000] {logging_mixin.py:188} INFO - [2024-12-31T02:23:44.902+0000] {dagbag.py:545} INFO - Filling up the DagBag from /home/airflow/.local/lib/python3.9/site-packages/airflow/example_dags/plugins/listener_plugin.py
[2024-12-31T02:23:44.906+0000] {processor.py:842} WARNING - No viable dags retrieved from /home/airflow/.local/lib/python3.9/site-packages/airflow/example_dags/plugins/listener_plugin.py
[2024-12-31T02:23:44.940+0000] {processor.py:183} INFO - Processing /home/airflow/.local/lib/python3.9/site-packages/airflow/example_dags/plugins/listener_plugin.py took 0.063 seconds
[2024-12-31T02:24:15.371+0000] {processor.py:161} INFO - Started process (PID=1708) to work on /home/airflow/.local/lib/python3.9/site-packages/airflow/example_dags/plugins/listener_plugin.py
[2024-12-31T02:24:15.373+0000] {processor.py:830} INFO - Processing file /home/airflow/.local/lib/python3.9/site-packages/airflow/example_dags/plugins/listener_plugin.py for tasks to queue
[2024-12-31T02:24:15.375+0000] {logging_mixin.py:188} INFO - [2024-12-31T02:24:15.374+0000] {dagbag.py:545} INFO - Filling up the DagBag from /home/airflow/.local/lib/python3.9/site-packages/airflow/example_dags/plugins/listener_plugin.py
[2024-12-31T02:24:15.379+0000] {processor.py:842} WARNING - No viable dags retrieved from /home/airflow/.local/lib/python3.9/site-packages/airflow/example_dags/plugins/listener_plugin.py
[2024-12-31T02:24:15.399+0000] {processor.py:183} INFO - Processing /home/airflow/.local/lib/python3.9/site-packages/airflow/example_dags/plugins/listener_plugin.py took 0.036 seconds
[2024-12-31T02:24:45.992+0000] {processor.py:161} INFO - Started process (PID=1780) to work on /home/airflow/.local/lib/python3.9/site-packages/airflow/example_dags/plugins/listener_plugin.py
[2024-12-31T02:24:45.994+0000] {processor.py:830} INFO - Processing file /home/airflow/.local/lib/python3.9/site-packages/airflow/example_dags/plugins/listener_plugin.py for tasks to queue
[2024-12-31T02:24:45.997+0000] {logging_mixin.py:188} INFO - [2024-12-31T02:24:45.996+0000] {dagbag.py:545} INFO - Filling up the DagBag from /home/airflow/.local/lib/python3.9/site-packages/airflow/example_dags/plugins/listener_plugin.py
[2024-12-31T02:24:46.001+0000] {processor.py:842} WARNING - No viable dags retrieved from /home/airflow/.local/lib/python3.9/site-packages/airflow/example_dags/plugins/listener_plugin.py
[2024-12-31T02:24:46.022+0000] {processor.py:183} INFO - Processing /home/airflow/.local/lib/python3.9/site-packages/airflow/example_dags/plugins/listener_plugin.py took 0.041 seconds
[2024-12-31T02:25:16.436+0000] {processor.py:161} INFO - Started process (PID=1847) to work on /home/airflow/.local/lib/python3.9/site-packages/airflow/example_dags/plugins/listener_plugin.py
[2024-12-31T02:25:16.437+0000] {processor.py:830} INFO - Processing file /home/airflow/.local/lib/python3.9/site-packages/airflow/example_dags/plugins/listener_plugin.py for tasks to queue
[2024-12-31T02:25:16.440+0000] {logging_mixin.py:188} INFO - [2024-12-31T02:25:16.439+0000] {dagbag.py:545} INFO - Filling up the DagBag from /home/airflow/.local/lib/python3.9/site-packages/airflow/example_dags/plugins/listener_plugin.py
[2024-12-31T02:25:16.444+0000] {processor.py:842} WARNING - No viable dags retrieved from /home/airflow/.local/lib/python3.9/site-packages/airflow/example_dags/plugins/listener_plugin.py
[2024-12-31T02:25:16.466+0000] {processor.py:183} INFO - Processing /home/airflow/.local/lib/python3.9/site-packages/airflow/example_dags/plugins/listener_plugin.py took 0.040 seconds
[2024-12-31T02:25:47.260+0000] {processor.py:161} INFO - Started process (PID=1914) to work on /home/airflow/.local/lib/python3.9/site-packages/airflow/example_dags/plugins/listener_plugin.py
[2024-12-31T02:25:47.261+0000] {processor.py:830} INFO - Processing file /home/airflow/.local/lib/python3.9/site-packages/airflow/example_dags/plugins/listener_plugin.py for tasks to queue
[2024-12-31T02:25:47.264+0000] {logging_mixin.py:188} INFO - [2024-12-31T02:25:47.264+0000] {dagbag.py:545} INFO - Filling up the DagBag from /home/airflow/.local/lib/python3.9/site-packages/airflow/example_dags/plugins/listener_plugin.py
[2024-12-31T02:25:47.268+0000] {processor.py:842} WARNING - No viable dags retrieved from /home/airflow/.local/lib/python3.9/site-packages/airflow/example_dags/plugins/listener_plugin.py
[2024-12-31T02:25:47.293+0000] {processor.py:183} INFO - Processing /home/airflow/.local/lib/python3.9/site-packages/airflow/example_dags/plugins/listener_plugin.py took 0.043 seconds
[2024-12-31T02:26:18.085+0000] {processor.py:161} INFO - Started process (PID=1981) to work on /home/airflow/.local/lib/python3.9/site-packages/airflow/example_dags/plugins/listener_plugin.py
[2024-12-31T02:26:18.086+0000] {processor.py:830} INFO - Processing file /home/airflow/.local/lib/python3.9/site-packages/airflow/example_dags/plugins/listener_plugin.py for tasks to queue
[2024-12-31T02:26:18.089+0000] {logging_mixin.py:188} INFO - [2024-12-31T02:26:18.088+0000] {dagbag.py:545} INFO - Filling up the DagBag from /home/airflow/.local/lib/python3.9/site-packages/airflow/example_dags/plugins/listener_plugin.py
[2024-12-31T02:26:18.093+0000] {processor.py:842} WARNING - No viable dags retrieved from /home/airflow/.local/lib/python3.9/site-packages/airflow/example_dags/plugins/listener_plugin.py
[2024-12-31T02:26:18.113+0000] {processor.py:183} INFO - Processing /home/airflow/.local/lib/python3.9/site-packages/airflow/example_dags/plugins/listener_plugin.py took 0.037 seconds
[2024-12-31T02:26:48.660+0000] {processor.py:161} INFO - Started process (PID=2048) to work on /home/airflow/.local/lib/python3.9/site-packages/airflow/example_dags/plugins/listener_plugin.py
[2024-12-31T02:26:48.662+0000] {processor.py:830} INFO - Processing file /home/airflow/.local/lib/python3.9/site-packages/airflow/example_dags/plugins/listener_plugin.py for tasks to queue
[2024-12-31T02:26:48.664+0000] {logging_mixin.py:188} INFO - [2024-12-31T02:26:48.664+0000] {dagbag.py:545} INFO - Filling up the DagBag from /home/airflow/.local/lib/python3.9/site-packages/airflow/example_dags/plugins/listener_plugin.py
[2024-12-31T02:26:48.668+0000] {processor.py:842} WARNING - No viable dags retrieved from /home/airflow/.local/lib/python3.9/site-packages/airflow/example_dags/plugins/listener_plugin.py
[2024-12-31T02:26:48.693+0000] {processor.py:183} INFO - Processing /home/airflow/.local/lib/python3.9/site-packages/airflow/example_dags/plugins/listener_plugin.py took 0.041 seconds
[2024-12-31T02:27:19.185+0000] {processor.py:161} INFO - Started process (PID=2122) to work on /home/airflow/.local/lib/python3.9/site-packages/airflow/example_dags/plugins/listener_plugin.py
[2024-12-31T02:27:19.195+0000] {processor.py:830} INFO - Processing file /home/airflow/.local/lib/python3.9/site-packages/airflow/example_dags/plugins/listener_plugin.py for tasks to queue
[2024-12-31T02:27:19.197+0000] {logging_mixin.py:188} INFO - [2024-12-31T02:27:19.197+0000] {dagbag.py:545} INFO - Filling up the DagBag from /home/airflow/.local/lib/python3.9/site-packages/airflow/example_dags/plugins/listener_plugin.py
[2024-12-31T02:27:19.201+0000] {processor.py:842} WARNING - No viable dags retrieved from /home/airflow/.local/lib/python3.9/site-packages/airflow/example_dags/plugins/listener_plugin.py
[2024-12-31T02:27:19.243+0000] {processor.py:183} INFO - Processing /home/airflow/.local/lib/python3.9/site-packages/airflow/example_dags/plugins/listener_plugin.py took 0.068 seconds
[2024-12-31T02:27:49.509+0000] {processor.py:161} INFO - Started process (PID=2189) to work on /home/airflow/.local/lib/python3.9/site-packages/airflow/example_dags/plugins/listener_plugin.py
[2024-12-31T02:27:49.515+0000] {processor.py:830} INFO - Processing file /home/airflow/.local/lib/python3.9/site-packages/airflow/example_dags/plugins/listener_plugin.py for tasks to queue
[2024-12-31T02:27:49.517+0000] {logging_mixin.py:188} INFO - [2024-12-31T02:27:49.517+0000] {dagbag.py:545} INFO - Filling up the DagBag from /home/airflow/.local/lib/python3.9/site-packages/airflow/example_dags/plugins/listener_plugin.py
[2024-12-31T02:27:49.521+0000] {processor.py:842} WARNING - No viable dags retrieved from /home/airflow/.local/lib/python3.9/site-packages/airflow/example_dags/plugins/listener_plugin.py
[2024-12-31T02:27:49.579+0000] {processor.py:183} INFO - Processing /home/airflow/.local/lib/python3.9/site-packages/airflow/example_dags/plugins/listener_plugin.py took 0.080 seconds
[2024-12-31T02:28:19.832+0000] {processor.py:161} INFO - Started process (PID=2256) to work on /home/airflow/.local/lib/python3.9/site-packages/airflow/example_dags/plugins/listener_plugin.py
[2024-12-31T02:28:19.833+0000] {processor.py:830} INFO - Processing file /home/airflow/.local/lib/python3.9/site-packages/airflow/example_dags/plugins/listener_plugin.py for tasks to queue
[2024-12-31T02:28:19.837+0000] {logging_mixin.py:188} INFO - [2024-12-31T02:28:19.836+0000] {dagbag.py:545} INFO - Filling up the DagBag from /home/airflow/.local/lib/python3.9/site-packages/airflow/example_dags/plugins/listener_plugin.py
[2024-12-31T02:28:19.841+0000] {processor.py:842} WARNING - No viable dags retrieved from /home/airflow/.local/lib/python3.9/site-packages/airflow/example_dags/plugins/listener_plugin.py
[2024-12-31T02:28:19.865+0000] {processor.py:183} INFO - Processing /home/airflow/.local/lib/python3.9/site-packages/airflow/example_dags/plugins/listener_plugin.py took 0.043 seconds
[2024-12-31T02:28:50.626+0000] {processor.py:161} INFO - Started process (PID=2323) to work on /home/airflow/.local/lib/python3.9/site-packages/airflow/example_dags/plugins/listener_plugin.py
[2024-12-31T02:28:50.628+0000] {processor.py:830} INFO - Processing file /home/airflow/.local/lib/python3.9/site-packages/airflow/example_dags/plugins/listener_plugin.py for tasks to queue
[2024-12-31T02:28:50.634+0000] {logging_mixin.py:188} INFO - [2024-12-31T02:28:50.630+0000] {dagbag.py:545} INFO - Filling up the DagBag from /home/airflow/.local/lib/python3.9/site-packages/airflow/example_dags/plugins/listener_plugin.py
[2024-12-31T02:28:50.639+0000] {processor.py:842} WARNING - No viable dags retrieved from /home/airflow/.local/lib/python3.9/site-packages/airflow/example_dags/plugins/listener_plugin.py
[2024-12-31T02:28:50.665+0000] {processor.py:183} INFO - Processing /home/airflow/.local/lib/python3.9/site-packages/airflow/example_dags/plugins/listener_plugin.py took 0.048 seconds
[2024-12-31T02:29:21.212+0000] {processor.py:161} INFO - Started process (PID=2390) to work on /home/airflow/.local/lib/python3.9/site-packages/airflow/example_dags/plugins/listener_plugin.py
[2024-12-31T02:29:21.214+0000] {processor.py:830} INFO - Processing file /home/airflow/.local/lib/python3.9/site-packages/airflow/example_dags/plugins/listener_plugin.py for tasks to queue
[2024-12-31T02:29:21.217+0000] {logging_mixin.py:188} INFO - [2024-12-31T02:29:21.217+0000] {dagbag.py:545} INFO - Filling up the DagBag from /home/airflow/.local/lib/python3.9/site-packages/airflow/example_dags/plugins/listener_plugin.py
[2024-12-31T02:29:21.222+0000] {processor.py:842} WARNING - No viable dags retrieved from /home/airflow/.local/lib/python3.9/site-packages/airflow/example_dags/plugins/listener_plugin.py
[2024-12-31T02:29:21.249+0000] {processor.py:183} INFO - Processing /home/airflow/.local/lib/python3.9/site-packages/airflow/example_dags/plugins/listener_plugin.py took 0.048 seconds
[2024-12-31T02:29:51.771+0000] {processor.py:161} INFO - Started process (PID=2457) to work on /home/airflow/.local/lib/python3.9/site-packages/airflow/example_dags/plugins/listener_plugin.py
[2024-12-31T02:29:51.775+0000] {processor.py:830} INFO - Processing file /home/airflow/.local/lib/python3.9/site-packages/airflow/example_dags/plugins/listener_plugin.py for tasks to queue
[2024-12-31T02:29:51.777+0000] {logging_mixin.py:188} INFO - [2024-12-31T02:29:51.777+0000] {dagbag.py:545} INFO - Filling up the DagBag from /home/airflow/.local/lib/python3.9/site-packages/airflow/example_dags/plugins/listener_plugin.py
[2024-12-31T02:29:51.781+0000] {processor.py:842} WARNING - No viable dags retrieved from /home/airflow/.local/lib/python3.9/site-packages/airflow/example_dags/plugins/listener_plugin.py
[2024-12-31T02:29:51.805+0000] {processor.py:183} INFO - Processing /home/airflow/.local/lib/python3.9/site-packages/airflow/example_dags/plugins/listener_plugin.py took 0.044 seconds
[2024-12-31T02:30:22.238+0000] {processor.py:161} INFO - Started process (PID=2530) to work on /home/airflow/.local/lib/python3.9/site-packages/airflow/example_dags/plugins/listener_plugin.py
[2024-12-31T02:30:22.239+0000] {processor.py:830} INFO - Processing file /home/airflow/.local/lib/python3.9/site-packages/airflow/example_dags/plugins/listener_plugin.py for tasks to queue
[2024-12-31T02:30:22.242+0000] {logging_mixin.py:188} INFO - [2024-12-31T02:30:22.241+0000] {dagbag.py:545} INFO - Filling up the DagBag from /home/airflow/.local/lib/python3.9/site-packages/airflow/example_dags/plugins/listener_plugin.py
[2024-12-31T02:30:22.245+0000] {processor.py:842} WARNING - No viable dags retrieved from /home/airflow/.local/lib/python3.9/site-packages/airflow/example_dags/plugins/listener_plugin.py
[2024-12-31T02:30:22.283+0000] {processor.py:183} INFO - Processing /home/airflow/.local/lib/python3.9/site-packages/airflow/example_dags/plugins/listener_plugin.py took 0.063 seconds
[2024-12-31T02:30:52.776+0000] {processor.py:161} INFO - Started process (PID=2597) to work on /home/airflow/.local/lib/python3.9/site-packages/airflow/example_dags/plugins/listener_plugin.py
[2024-12-31T02:30:52.778+0000] {processor.py:830} INFO - Processing file /home/airflow/.local/lib/python3.9/site-packages/airflow/example_dags/plugins/listener_plugin.py for tasks to queue
[2024-12-31T02:30:52.781+0000] {logging_mixin.py:188} INFO - [2024-12-31T02:30:52.780+0000] {dagbag.py:545} INFO - Filling up the DagBag from /home/airflow/.local/lib/python3.9/site-packages/airflow/example_dags/plugins/listener_plugin.py
[2024-12-31T02:30:52.785+0000] {processor.py:842} WARNING - No viable dags retrieved from /home/airflow/.local/lib/python3.9/site-packages/airflow/example_dags/plugins/listener_plugin.py
[2024-12-31T02:30:52.826+0000] {processor.py:183} INFO - Processing /home/airflow/.local/lib/python3.9/site-packages/airflow/example_dags/plugins/listener_plugin.py took 0.068 seconds
[2024-12-31T02:31:23.153+0000] {processor.py:161} INFO - Started process (PID=2664) to work on /home/airflow/.local/lib/python3.9/site-packages/airflow/example_dags/plugins/listener_plugin.py
[2024-12-31T02:31:23.154+0000] {processor.py:830} INFO - Processing file /home/airflow/.local/lib/python3.9/site-packages/airflow/example_dags/plugins/listener_plugin.py for tasks to queue
[2024-12-31T02:31:23.157+0000] {logging_mixin.py:188} INFO - [2024-12-31T02:31:23.157+0000] {dagbag.py:545} INFO - Filling up the DagBag from /home/airflow/.local/lib/python3.9/site-packages/airflow/example_dags/plugins/listener_plugin.py
[2024-12-31T02:31:23.161+0000] {processor.py:842} WARNING - No viable dags retrieved from /home/airflow/.local/lib/python3.9/site-packages/airflow/example_dags/plugins/listener_plugin.py
[2024-12-31T02:31:23.185+0000] {processor.py:183} INFO - Processing /home/airflow/.local/lib/python3.9/site-packages/airflow/example_dags/plugins/listener_plugin.py took 0.042 seconds
[2024-12-31T02:31:53.629+0000] {processor.py:161} INFO - Started process (PID=2731) to work on /home/airflow/.local/lib/python3.9/site-packages/airflow/example_dags/plugins/listener_plugin.py
[2024-12-31T02:31:53.631+0000] {processor.py:830} INFO - Processing file /home/airflow/.local/lib/python3.9/site-packages/airflow/example_dags/plugins/listener_plugin.py for tasks to queue
[2024-12-31T02:31:53.634+0000] {logging_mixin.py:188} INFO - [2024-12-31T02:31:53.633+0000] {dagbag.py:545} INFO - Filling up the DagBag from /home/airflow/.local/lib/python3.9/site-packages/airflow/example_dags/plugins/listener_plugin.py
[2024-12-31T02:31:53.637+0000] {processor.py:842} WARNING - No viable dags retrieved from /home/airflow/.local/lib/python3.9/site-packages/airflow/example_dags/plugins/listener_plugin.py
[2024-12-31T02:31:53.660+0000] {processor.py:183} INFO - Processing /home/airflow/.local/lib/python3.9/site-packages/airflow/example_dags/plugins/listener_plugin.py took 0.041 seconds
[2024-12-31T02:32:24.226+0000] {processor.py:161} INFO - Started process (PID=2798) to work on /home/airflow/.local/lib/python3.9/site-packages/airflow/example_dags/plugins/listener_plugin.py
[2024-12-31T02:32:24.227+0000] {processor.py:830} INFO - Processing file /home/airflow/.local/lib/python3.9/site-packages/airflow/example_dags/plugins/listener_plugin.py for tasks to queue
[2024-12-31T02:32:24.229+0000] {logging_mixin.py:188} INFO - [2024-12-31T02:32:24.229+0000] {dagbag.py:545} INFO - Filling up the DagBag from /home/airflow/.local/lib/python3.9/site-packages/airflow/example_dags/plugins/listener_plugin.py
[2024-12-31T02:32:24.233+0000] {processor.py:842} WARNING - No viable dags retrieved from /home/airflow/.local/lib/python3.9/site-packages/airflow/example_dags/plugins/listener_plugin.py
[2024-12-31T02:32:24.253+0000] {processor.py:183} INFO - Processing /home/airflow/.local/lib/python3.9/site-packages/airflow/example_dags/plugins/listener_plugin.py took 0.036 seconds
[2024-12-31T02:32:55.168+0000] {processor.py:161} INFO - Started process (PID=2862) to work on /home/airflow/.local/lib/python3.9/site-packages/airflow/example_dags/plugins/listener_plugin.py
[2024-12-31T02:32:55.169+0000] {processor.py:830} INFO - Processing file /home/airflow/.local/lib/python3.9/site-packages/airflow/example_dags/plugins/listener_plugin.py for tasks to queue
[2024-12-31T02:32:55.171+0000] {logging_mixin.py:188} INFO - [2024-12-31T02:32:55.171+0000] {dagbag.py:545} INFO - Filling up the DagBag from /home/airflow/.local/lib/python3.9/site-packages/airflow/example_dags/plugins/listener_plugin.py
[2024-12-31T02:32:55.175+0000] {processor.py:842} WARNING - No viable dags retrieved from /home/airflow/.local/lib/python3.9/site-packages/airflow/example_dags/plugins/listener_plugin.py
[2024-12-31T02:32:55.201+0000] {processor.py:183} INFO - Processing /home/airflow/.local/lib/python3.9/site-packages/airflow/example_dags/plugins/listener_plugin.py took 0.042 seconds
[2024-12-31T02:33:25.546+0000] {processor.py:161} INFO - Started process (PID=2936) to work on /home/airflow/.local/lib/python3.9/site-packages/airflow/example_dags/plugins/listener_plugin.py
[2024-12-31T02:33:25.556+0000] {processor.py:830} INFO - Processing file /home/airflow/.local/lib/python3.9/site-packages/airflow/example_dags/plugins/listener_plugin.py for tasks to queue
[2024-12-31T02:33:25.558+0000] {logging_mixin.py:188} INFO - [2024-12-31T02:33:25.558+0000] {dagbag.py:545} INFO - Filling up the DagBag from /home/airflow/.local/lib/python3.9/site-packages/airflow/example_dags/plugins/listener_plugin.py
[2024-12-31T02:33:25.562+0000] {processor.py:842} WARNING - No viable dags retrieved from /home/airflow/.local/lib/python3.9/site-packages/airflow/example_dags/plugins/listener_plugin.py
[2024-12-31T02:33:25.601+0000] {processor.py:183} INFO - Processing /home/airflow/.local/lib/python3.9/site-packages/airflow/example_dags/plugins/listener_plugin.py took 0.065 seconds
[2024-12-31T02:33:55.739+0000] {processor.py:161} INFO - Started process (PID=3002) to work on /home/airflow/.local/lib/python3.9/site-packages/airflow/example_dags/plugins/listener_plugin.py
[2024-12-31T02:33:55.740+0000] {processor.py:830} INFO - Processing file /home/airflow/.local/lib/python3.9/site-packages/airflow/example_dags/plugins/listener_plugin.py for tasks to queue
[2024-12-31T02:33:55.743+0000] {logging_mixin.py:188} INFO - [2024-12-31T02:33:55.743+0000] {dagbag.py:545} INFO - Filling up the DagBag from /home/airflow/.local/lib/python3.9/site-packages/airflow/example_dags/plugins/listener_plugin.py
[2024-12-31T02:33:55.747+0000] {processor.py:842} WARNING - No viable dags retrieved from /home/airflow/.local/lib/python3.9/site-packages/airflow/example_dags/plugins/listener_plugin.py
[2024-12-31T02:33:55.783+0000] {processor.py:183} INFO - Processing /home/airflow/.local/lib/python3.9/site-packages/airflow/example_dags/plugins/listener_plugin.py took 0.062 seconds
[2024-12-31T02:34:26.127+0000] {processor.py:161} INFO - Started process (PID=3068) to work on /home/airflow/.local/lib/python3.9/site-packages/airflow/example_dags/plugins/listener_plugin.py
[2024-12-31T02:34:26.129+0000] {processor.py:830} INFO - Processing file /home/airflow/.local/lib/python3.9/site-packages/airflow/example_dags/plugins/listener_plugin.py for tasks to queue
[2024-12-31T02:34:26.131+0000] {logging_mixin.py:188} INFO - [2024-12-31T02:34:26.131+0000] {dagbag.py:545} INFO - Filling up the DagBag from /home/airflow/.local/lib/python3.9/site-packages/airflow/example_dags/plugins/listener_plugin.py
[2024-12-31T02:34:26.136+0000] {processor.py:842} WARNING - No viable dags retrieved from /home/airflow/.local/lib/python3.9/site-packages/airflow/example_dags/plugins/listener_plugin.py
[2024-12-31T02:34:26.164+0000] {processor.py:183} INFO - Processing /home/airflow/.local/lib/python3.9/site-packages/airflow/example_dags/plugins/listener_plugin.py took 0.048 seconds
[2024-12-31T02:34:57.440+0000] {processor.py:161} INFO - Started process (PID=3137) to work on /home/airflow/.local/lib/python3.9/site-packages/airflow/example_dags/plugins/listener_plugin.py
[2024-12-31T02:34:57.441+0000] {processor.py:830} INFO - Processing file /home/airflow/.local/lib/python3.9/site-packages/airflow/example_dags/plugins/listener_plugin.py for tasks to queue
[2024-12-31T02:34:57.444+0000] {logging_mixin.py:188} INFO - [2024-12-31T02:34:57.444+0000] {dagbag.py:545} INFO - Filling up the DagBag from /home/airflow/.local/lib/python3.9/site-packages/airflow/example_dags/plugins/listener_plugin.py
[2024-12-31T02:34:57.448+0000] {processor.py:842} WARNING - No viable dags retrieved from /home/airflow/.local/lib/python3.9/site-packages/airflow/example_dags/plugins/listener_plugin.py
[2024-12-31T02:34:57.475+0000] {processor.py:183} INFO - Processing /home/airflow/.local/lib/python3.9/site-packages/airflow/example_dags/plugins/listener_plugin.py took 0.045 seconds
[2024-12-31T02:35:28.327+0000] {processor.py:161} INFO - Started process (PID=3204) to work on /home/airflow/.local/lib/python3.9/site-packages/airflow/example_dags/plugins/listener_plugin.py
[2024-12-31T02:35:28.329+0000] {processor.py:830} INFO - Processing file /home/airflow/.local/lib/python3.9/site-packages/airflow/example_dags/plugins/listener_plugin.py for tasks to queue
[2024-12-31T02:35:28.332+0000] {logging_mixin.py:188} INFO - [2024-12-31T02:35:28.332+0000] {dagbag.py:545} INFO - Filling up the DagBag from /home/airflow/.local/lib/python3.9/site-packages/airflow/example_dags/plugins/listener_plugin.py
[2024-12-31T02:35:28.337+0000] {processor.py:842} WARNING - No viable dags retrieved from /home/airflow/.local/lib/python3.9/site-packages/airflow/example_dags/plugins/listener_plugin.py
[2024-12-31T02:35:28.359+0000] {processor.py:183} INFO - Processing /home/airflow/.local/lib/python3.9/site-packages/airflow/example_dags/plugins/listener_plugin.py took 0.042 seconds
[2024-12-31T02:35:58.631+0000] {processor.py:161} INFO - Started process (PID=3270) to work on /home/airflow/.local/lib/python3.9/site-packages/airflow/example_dags/plugins/listener_plugin.py
[2024-12-31T02:35:58.633+0000] {processor.py:830} INFO - Processing file /home/airflow/.local/lib/python3.9/site-packages/airflow/example_dags/plugins/listener_plugin.py for tasks to queue
[2024-12-31T02:35:58.635+0000] {logging_mixin.py:188} INFO - [2024-12-31T02:35:58.635+0000] {dagbag.py:545} INFO - Filling up the DagBag from /home/airflow/.local/lib/python3.9/site-packages/airflow/example_dags/plugins/listener_plugin.py
[2024-12-31T02:35:58.639+0000] {processor.py:842} WARNING - No viable dags retrieved from /home/airflow/.local/lib/python3.9/site-packages/airflow/example_dags/plugins/listener_plugin.py
[2024-12-31T02:35:58.665+0000] {processor.py:183} INFO - Processing /home/airflow/.local/lib/python3.9/site-packages/airflow/example_dags/plugins/listener_plugin.py took 0.042 seconds
[2024-12-31T02:36:29.706+0000] {processor.py:161} INFO - Started process (PID=3336) to work on /home/airflow/.local/lib/python3.9/site-packages/airflow/example_dags/plugins/listener_plugin.py
[2024-12-31T02:36:29.715+0000] {processor.py:830} INFO - Processing file /home/airflow/.local/lib/python3.9/site-packages/airflow/example_dags/plugins/listener_plugin.py for tasks to queue
[2024-12-31T02:36:29.718+0000] {logging_mixin.py:188} INFO - [2024-12-31T02:36:29.717+0000] {dagbag.py:545} INFO - Filling up the DagBag from /home/airflow/.local/lib/python3.9/site-packages/airflow/example_dags/plugins/listener_plugin.py
[2024-12-31T02:36:29.721+0000] {processor.py:842} WARNING - No viable dags retrieved from /home/airflow/.local/lib/python3.9/site-packages/airflow/example_dags/plugins/listener_plugin.py
[2024-12-31T02:36:29.761+0000] {processor.py:183} INFO - Processing /home/airflow/.local/lib/python3.9/site-packages/airflow/example_dags/plugins/listener_plugin.py took 0.065 seconds
[2024-12-31T02:36:59.839+0000] {processor.py:161} INFO - Started process (PID=3403) to work on /home/airflow/.local/lib/python3.9/site-packages/airflow/example_dags/plugins/listener_plugin.py
[2024-12-31T02:36:59.840+0000] {processor.py:830} INFO - Processing file /home/airflow/.local/lib/python3.9/site-packages/airflow/example_dags/plugins/listener_plugin.py for tasks to queue
[2024-12-31T02:36:59.843+0000] {logging_mixin.py:188} INFO - [2024-12-31T02:36:59.842+0000] {dagbag.py:545} INFO - Filling up the DagBag from /home/airflow/.local/lib/python3.9/site-packages/airflow/example_dags/plugins/listener_plugin.py
[2024-12-31T02:36:59.856+0000] {processor.py:842} WARNING - No viable dags retrieved from /home/airflow/.local/lib/python3.9/site-packages/airflow/example_dags/plugins/listener_plugin.py
[2024-12-31T02:36:59.884+0000] {processor.py:183} INFO - Processing /home/airflow/.local/lib/python3.9/site-packages/airflow/example_dags/plugins/listener_plugin.py took 0.064 seconds
[2024-12-31T02:37:31.258+0000] {processor.py:161} INFO - Started process (PID=3477) to work on /home/airflow/.local/lib/python3.9/site-packages/airflow/example_dags/plugins/listener_plugin.py
[2024-12-31T02:37:31.259+0000] {processor.py:830} INFO - Processing file /home/airflow/.local/lib/python3.9/site-packages/airflow/example_dags/plugins/listener_plugin.py for tasks to queue
[2024-12-31T02:37:31.262+0000] {logging_mixin.py:188} INFO - [2024-12-31T02:37:31.261+0000] {dagbag.py:545} INFO - Filling up the DagBag from /home/airflow/.local/lib/python3.9/site-packages/airflow/example_dags/plugins/listener_plugin.py
[2024-12-31T02:37:31.266+0000] {processor.py:842} WARNING - No viable dags retrieved from /home/airflow/.local/lib/python3.9/site-packages/airflow/example_dags/plugins/listener_plugin.py
[2024-12-31T02:37:31.305+0000] {processor.py:183} INFO - Processing /home/airflow/.local/lib/python3.9/site-packages/airflow/example_dags/plugins/listener_plugin.py took 0.065 seconds
[2024-12-31T02:38:02.000+0000] {processor.py:161} INFO - Started process (PID=3537) to work on /home/airflow/.local/lib/python3.9/site-packages/airflow/example_dags/plugins/listener_plugin.py
[2024-12-31T02:38:02.001+0000] {processor.py:830} INFO - Processing file /home/airflow/.local/lib/python3.9/site-packages/airflow/example_dags/plugins/listener_plugin.py for tasks to queue
[2024-12-31T02:38:02.016+0000] {logging_mixin.py:188} INFO - [2024-12-31T02:38:02.015+0000] {dagbag.py:545} INFO - Filling up the DagBag from /home/airflow/.local/lib/python3.9/site-packages/airflow/example_dags/plugins/listener_plugin.py
[2024-12-31T02:38:02.019+0000] {processor.py:842} WARNING - No viable dags retrieved from /home/airflow/.local/lib/python3.9/site-packages/airflow/example_dags/plugins/listener_plugin.py
[2024-12-31T02:38:02.055+0000] {processor.py:183} INFO - Processing /home/airflow/.local/lib/python3.9/site-packages/airflow/example_dags/plugins/listener_plugin.py took 0.065 seconds
[2024-12-31T02:38:33.020+0000] {processor.py:161} INFO - Started process (PID=3613) to work on /home/airflow/.local/lib/python3.9/site-packages/airflow/example_dags/plugins/listener_plugin.py
[2024-12-31T02:38:33.022+0000] {processor.py:830} INFO - Processing file /home/airflow/.local/lib/python3.9/site-packages/airflow/example_dags/plugins/listener_plugin.py for tasks to queue
[2024-12-31T02:38:33.024+0000] {logging_mixin.py:188} INFO - [2024-12-31T02:38:33.024+0000] {dagbag.py:545} INFO - Filling up the DagBag from /home/airflow/.local/lib/python3.9/site-packages/airflow/example_dags/plugins/listener_plugin.py
[2024-12-31T02:38:33.028+0000] {processor.py:842} WARNING - No viable dags retrieved from /home/airflow/.local/lib/python3.9/site-packages/airflow/example_dags/plugins/listener_plugin.py
[2024-12-31T02:38:33.062+0000] {processor.py:183} INFO - Processing /home/airflow/.local/lib/python3.9/site-packages/airflow/example_dags/plugins/listener_plugin.py took 0.059 seconds
[2024-12-31T02:39:03.376+0000] {processor.py:161} INFO - Started process (PID=3680) to work on /home/airflow/.local/lib/python3.9/site-packages/airflow/example_dags/plugins/listener_plugin.py
[2024-12-31T02:39:03.377+0000] {processor.py:830} INFO - Processing file /home/airflow/.local/lib/python3.9/site-packages/airflow/example_dags/plugins/listener_plugin.py for tasks to queue
[2024-12-31T02:39:03.380+0000] {logging_mixin.py:188} INFO - [2024-12-31T02:39:03.379+0000] {dagbag.py:545} INFO - Filling up the DagBag from /home/airflow/.local/lib/python3.9/site-packages/airflow/example_dags/plugins/listener_plugin.py
[2024-12-31T02:39:03.384+0000] {processor.py:842} WARNING - No viable dags retrieved from /home/airflow/.local/lib/python3.9/site-packages/airflow/example_dags/plugins/listener_plugin.py
[2024-12-31T02:39:03.415+0000] {processor.py:183} INFO - Processing /home/airflow/.local/lib/python3.9/site-packages/airflow/example_dags/plugins/listener_plugin.py took 0.058 seconds
[2024-12-31T02:39:33.748+0000] {processor.py:161} INFO - Started process (PID=3747) to work on /home/airflow/.local/lib/python3.9/site-packages/airflow/example_dags/plugins/listener_plugin.py
[2024-12-31T02:39:33.754+0000] {processor.py:830} INFO - Processing file /home/airflow/.local/lib/python3.9/site-packages/airflow/example_dags/plugins/listener_plugin.py for tasks to queue
[2024-12-31T02:39:33.757+0000] {logging_mixin.py:188} INFO - [2024-12-31T02:39:33.757+0000] {dagbag.py:545} INFO - Filling up the DagBag from /home/airflow/.local/lib/python3.9/site-packages/airflow/example_dags/plugins/listener_plugin.py
[2024-12-31T02:39:33.761+0000] {processor.py:842} WARNING - No viable dags retrieved from /home/airflow/.local/lib/python3.9/site-packages/airflow/example_dags/plugins/listener_plugin.py
[2024-12-31T02:39:33.786+0000] {processor.py:183} INFO - Processing /home/airflow/.local/lib/python3.9/site-packages/airflow/example_dags/plugins/listener_plugin.py took 0.047 seconds
[2024-12-31T02:40:04.499+0000] {processor.py:161} INFO - Started process (PID=3813) to work on /home/airflow/.local/lib/python3.9/site-packages/airflow/example_dags/plugins/listener_plugin.py
[2024-12-31T02:40:04.500+0000] {processor.py:830} INFO - Processing file /home/airflow/.local/lib/python3.9/site-packages/airflow/example_dags/plugins/listener_plugin.py for tasks to queue
[2024-12-31T02:40:04.503+0000] {logging_mixin.py:188} INFO - [2024-12-31T02:40:04.502+0000] {dagbag.py:545} INFO - Filling up the DagBag from /home/airflow/.local/lib/python3.9/site-packages/airflow/example_dags/plugins/listener_plugin.py
[2024-12-31T02:40:04.515+0000] {processor.py:842} WARNING - No viable dags retrieved from /home/airflow/.local/lib/python3.9/site-packages/airflow/example_dags/plugins/listener_plugin.py
[2024-12-31T02:40:04.556+0000] {processor.py:183} INFO - Processing /home/airflow/.local/lib/python3.9/site-packages/airflow/example_dags/plugins/listener_plugin.py took 0.075 seconds
[2024-12-31T02:40:34.698+0000] {processor.py:161} INFO - Started process (PID=3879) to work on /home/airflow/.local/lib/python3.9/site-packages/airflow/example_dags/plugins/listener_plugin.py
[2024-12-31T02:40:34.699+0000] {processor.py:830} INFO - Processing file /home/airflow/.local/lib/python3.9/site-packages/airflow/example_dags/plugins/listener_plugin.py for tasks to queue
[2024-12-31T02:40:34.702+0000] {logging_mixin.py:188} INFO - [2024-12-31T02:40:34.701+0000] {dagbag.py:545} INFO - Filling up the DagBag from /home/airflow/.local/lib/python3.9/site-packages/airflow/example_dags/plugins/listener_plugin.py
[2024-12-31T02:40:34.706+0000] {processor.py:842} WARNING - No viable dags retrieved from /home/airflow/.local/lib/python3.9/site-packages/airflow/example_dags/plugins/listener_plugin.py
[2024-12-31T02:40:34.732+0000] {processor.py:183} INFO - Processing /home/airflow/.local/lib/python3.9/site-packages/airflow/example_dags/plugins/listener_plugin.py took 0.045 seconds
[2024-12-31T02:41:05.360+0000] {processor.py:161} INFO - Started process (PID=3954) to work on /home/airflow/.local/lib/python3.9/site-packages/airflow/example_dags/plugins/listener_plugin.py
[2024-12-31T02:41:05.362+0000] {processor.py:830} INFO - Processing file /home/airflow/.local/lib/python3.9/site-packages/airflow/example_dags/plugins/listener_plugin.py for tasks to queue
[2024-12-31T02:41:05.364+0000] {logging_mixin.py:188} INFO - [2024-12-31T02:41:05.364+0000] {dagbag.py:545} INFO - Filling up the DagBag from /home/airflow/.local/lib/python3.9/site-packages/airflow/example_dags/plugins/listener_plugin.py
[2024-12-31T02:41:05.368+0000] {processor.py:842} WARNING - No viable dags retrieved from /home/airflow/.local/lib/python3.9/site-packages/airflow/example_dags/plugins/listener_plugin.py
[2024-12-31T02:41:05.405+0000] {processor.py:183} INFO - Processing /home/airflow/.local/lib/python3.9/site-packages/airflow/example_dags/plugins/listener_plugin.py took 0.062 seconds
[2024-12-31T02:41:35.952+0000] {processor.py:161} INFO - Started process (PID=4021) to work on /home/airflow/.local/lib/python3.9/site-packages/airflow/example_dags/plugins/listener_plugin.py
[2024-12-31T02:41:35.953+0000] {processor.py:830} INFO - Processing file /home/airflow/.local/lib/python3.9/site-packages/airflow/example_dags/plugins/listener_plugin.py for tasks to queue
[2024-12-31T02:41:35.956+0000] {logging_mixin.py:188} INFO - [2024-12-31T02:41:35.955+0000] {dagbag.py:545} INFO - Filling up the DagBag from /home/airflow/.local/lib/python3.9/site-packages/airflow/example_dags/plugins/listener_plugin.py
[2024-12-31T02:41:35.960+0000] {processor.py:842} WARNING - No viable dags retrieved from /home/airflow/.local/lib/python3.9/site-packages/airflow/example_dags/plugins/listener_plugin.py
[2024-12-31T02:41:35.981+0000] {processor.py:183} INFO - Processing /home/airflow/.local/lib/python3.9/site-packages/airflow/example_dags/plugins/listener_plugin.py took 0.039 seconds
[2024-12-31T02:42:07.115+0000] {processor.py:161} INFO - Started process (PID=4089) to work on /home/airflow/.local/lib/python3.9/site-packages/airflow/example_dags/plugins/listener_plugin.py
[2024-12-31T02:42:07.117+0000] {processor.py:830} INFO - Processing file /home/airflow/.local/lib/python3.9/site-packages/airflow/example_dags/plugins/listener_plugin.py for tasks to queue
[2024-12-31T02:42:07.120+0000] {logging_mixin.py:188} INFO - [2024-12-31T02:42:07.119+0000] {dagbag.py:545} INFO - Filling up the DagBag from /home/airflow/.local/lib/python3.9/site-packages/airflow/example_dags/plugins/listener_plugin.py
[2024-12-31T02:42:07.124+0000] {processor.py:842} WARNING - No viable dags retrieved from /home/airflow/.local/lib/python3.9/site-packages/airflow/example_dags/plugins/listener_plugin.py
[2024-12-31T02:42:07.201+0000] {processor.py:183} INFO - Processing /home/airflow/.local/lib/python3.9/site-packages/airflow/example_dags/plugins/listener_plugin.py took 0.104 seconds
[2024-12-31T02:42:37.896+0000] {processor.py:161} INFO - Started process (PID=4156) to work on /home/airflow/.local/lib/python3.9/site-packages/airflow/example_dags/plugins/listener_plugin.py
[2024-12-31T02:42:37.898+0000] {processor.py:830} INFO - Processing file /home/airflow/.local/lib/python3.9/site-packages/airflow/example_dags/plugins/listener_plugin.py for tasks to queue
[2024-12-31T02:42:37.901+0000] {logging_mixin.py:188} INFO - [2024-12-31T02:42:37.900+0000] {dagbag.py:545} INFO - Filling up the DagBag from /home/airflow/.local/lib/python3.9/site-packages/airflow/example_dags/plugins/listener_plugin.py
[2024-12-31T02:42:37.905+0000] {processor.py:842} WARNING - No viable dags retrieved from /home/airflow/.local/lib/python3.9/site-packages/airflow/example_dags/plugins/listener_plugin.py
[2024-12-31T02:42:37.954+0000] {processor.py:183} INFO - Processing /home/airflow/.local/lib/python3.9/site-packages/airflow/example_dags/plugins/listener_plugin.py took 0.076 seconds
[2024-12-31T02:43:08.314+0000] {processor.py:161} INFO - Started process (PID=4230) to work on /home/airflow/.local/lib/python3.9/site-packages/airflow/example_dags/plugins/listener_plugin.py
[2024-12-31T02:43:08.316+0000] {processor.py:830} INFO - Processing file /home/airflow/.local/lib/python3.9/site-packages/airflow/example_dags/plugins/listener_plugin.py for tasks to queue
[2024-12-31T02:43:08.318+0000] {logging_mixin.py:188} INFO - [2024-12-31T02:43:08.318+0000] {dagbag.py:545} INFO - Filling up the DagBag from /home/airflow/.local/lib/python3.9/site-packages/airflow/example_dags/plugins/listener_plugin.py
[2024-12-31T02:43:08.322+0000] {processor.py:842} WARNING - No viable dags retrieved from /home/airflow/.local/lib/python3.9/site-packages/airflow/example_dags/plugins/listener_plugin.py
[2024-12-31T02:43:08.361+0000] {processor.py:183} INFO - Processing /home/airflow/.local/lib/python3.9/site-packages/airflow/example_dags/plugins/listener_plugin.py took 0.064 seconds
[2024-12-31T02:43:39.057+0000] {processor.py:161} INFO - Started process (PID=4297) to work on /home/airflow/.local/lib/python3.9/site-packages/airflow/example_dags/plugins/listener_plugin.py
[2024-12-31T02:43:39.059+0000] {processor.py:830} INFO - Processing file /home/airflow/.local/lib/python3.9/site-packages/airflow/example_dags/plugins/listener_plugin.py for tasks to queue
[2024-12-31T02:43:39.061+0000] {logging_mixin.py:188} INFO - [2024-12-31T02:43:39.061+0000] {dagbag.py:545} INFO - Filling up the DagBag from /home/airflow/.local/lib/python3.9/site-packages/airflow/example_dags/plugins/listener_plugin.py
[2024-12-31T02:43:39.065+0000] {processor.py:842} WARNING - No viable dags retrieved from /home/airflow/.local/lib/python3.9/site-packages/airflow/example_dags/plugins/listener_plugin.py
[2024-12-31T02:43:39.101+0000] {processor.py:183} INFO - Processing /home/airflow/.local/lib/python3.9/site-packages/airflow/example_dags/plugins/listener_plugin.py took 0.053 seconds
[2024-12-31T02:44:09.783+0000] {processor.py:161} INFO - Started process (PID=4363) to work on /home/airflow/.local/lib/python3.9/site-packages/airflow/example_dags/plugins/listener_plugin.py
[2024-12-31T02:44:09.785+0000] {processor.py:830} INFO - Processing file /home/airflow/.local/lib/python3.9/site-packages/airflow/example_dags/plugins/listener_plugin.py for tasks to queue
[2024-12-31T02:44:09.787+0000] {logging_mixin.py:188} INFO - [2024-12-31T02:44:09.786+0000] {dagbag.py:545} INFO - Filling up the DagBag from /home/airflow/.local/lib/python3.9/site-packages/airflow/example_dags/plugins/listener_plugin.py
[2024-12-31T02:44:09.790+0000] {processor.py:842} WARNING - No viable dags retrieved from /home/airflow/.local/lib/python3.9/site-packages/airflow/example_dags/plugins/listener_plugin.py
[2024-12-31T02:44:09.815+0000] {processor.py:183} INFO - Processing /home/airflow/.local/lib/python3.9/site-packages/airflow/example_dags/plugins/listener_plugin.py took 0.045 seconds
[2024-12-31T02:44:40.431+0000] {processor.py:161} INFO - Started process (PID=4431) to work on /home/airflow/.local/lib/python3.9/site-packages/airflow/example_dags/plugins/listener_plugin.py
[2024-12-31T02:44:40.432+0000] {processor.py:830} INFO - Processing file /home/airflow/.local/lib/python3.9/site-packages/airflow/example_dags/plugins/listener_plugin.py for tasks to queue
[2024-12-31T02:44:40.435+0000] {logging_mixin.py:188} INFO - [2024-12-31T02:44:40.434+0000] {dagbag.py:545} INFO - Filling up the DagBag from /home/airflow/.local/lib/python3.9/site-packages/airflow/example_dags/plugins/listener_plugin.py
[2024-12-31T02:44:40.438+0000] {processor.py:842} WARNING - No viable dags retrieved from /home/airflow/.local/lib/python3.9/site-packages/airflow/example_dags/plugins/listener_plugin.py
[2024-12-31T02:44:40.464+0000] {processor.py:183} INFO - Processing /home/airflow/.local/lib/python3.9/site-packages/airflow/example_dags/plugins/listener_plugin.py took 0.043 seconds
[2024-12-31T02:45:10.748+0000] {processor.py:161} INFO - Started process (PID=4498) to work on /home/airflow/.local/lib/python3.9/site-packages/airflow/example_dags/plugins/listener_plugin.py
[2024-12-31T02:45:10.755+0000] {processor.py:830} INFO - Processing file /home/airflow/.local/lib/python3.9/site-packages/airflow/example_dags/plugins/listener_plugin.py for tasks to queue
[2024-12-31T02:45:10.757+0000] {logging_mixin.py:188} INFO - [2024-12-31T02:45:10.757+0000] {dagbag.py:545} INFO - Filling up the DagBag from /home/airflow/.local/lib/python3.9/site-packages/airflow/example_dags/plugins/listener_plugin.py
[2024-12-31T02:45:10.762+0000] {processor.py:842} WARNING - No viable dags retrieved from /home/airflow/.local/lib/python3.9/site-packages/airflow/example_dags/plugins/listener_plugin.py
[2024-12-31T02:45:10.787+0000] {processor.py:183} INFO - Processing /home/airflow/.local/lib/python3.9/site-packages/airflow/example_dags/plugins/listener_plugin.py took 0.049 seconds
[2024-12-31T02:45:41.141+0000] {processor.py:161} INFO - Started process (PID=4572) to work on /home/airflow/.local/lib/python3.9/site-packages/airflow/example_dags/plugins/listener_plugin.py
[2024-12-31T02:45:41.142+0000] {processor.py:830} INFO - Processing file /home/airflow/.local/lib/python3.9/site-packages/airflow/example_dags/plugins/listener_plugin.py for tasks to queue
[2024-12-31T02:45:41.145+0000] {logging_mixin.py:188} INFO - [2024-12-31T02:45:41.144+0000] {dagbag.py:545} INFO - Filling up the DagBag from /home/airflow/.local/lib/python3.9/site-packages/airflow/example_dags/plugins/listener_plugin.py
[2024-12-31T02:45:41.157+0000] {processor.py:842} WARNING - No viable dags retrieved from /home/airflow/.local/lib/python3.9/site-packages/airflow/example_dags/plugins/listener_plugin.py
[2024-12-31T02:45:41.196+0000] {processor.py:183} INFO - Processing /home/airflow/.local/lib/python3.9/site-packages/airflow/example_dags/plugins/listener_plugin.py took 0.074 seconds
[2024-12-31T02:46:12.384+0000] {processor.py:161} INFO - Started process (PID=4639) to work on /home/airflow/.local/lib/python3.9/site-packages/airflow/example_dags/plugins/listener_plugin.py
[2024-12-31T02:46:12.394+0000] {processor.py:830} INFO - Processing file /home/airflow/.local/lib/python3.9/site-packages/airflow/example_dags/plugins/listener_plugin.py for tasks to queue
[2024-12-31T02:46:12.398+0000] {logging_mixin.py:188} INFO - [2024-12-31T02:46:12.397+0000] {dagbag.py:545} INFO - Filling up the DagBag from /home/airflow/.local/lib/python3.9/site-packages/airflow/example_dags/plugins/listener_plugin.py
[2024-12-31T02:46:12.403+0000] {processor.py:842} WARNING - No viable dags retrieved from /home/airflow/.local/lib/python3.9/site-packages/airflow/example_dags/plugins/listener_plugin.py
[2024-12-31T02:46:12.477+0000] {processor.py:183} INFO - Processing /home/airflow/.local/lib/python3.9/site-packages/airflow/example_dags/plugins/listener_plugin.py took 0.121 seconds
[2024-12-31T02:46:43.999+0000] {processor.py:161} INFO - Started process (PID=4706) to work on /home/airflow/.local/lib/python3.9/site-packages/airflow/example_dags/plugins/listener_plugin.py
[2024-12-31T02:46:44.001+0000] {processor.py:830} INFO - Processing file /home/airflow/.local/lib/python3.9/site-packages/airflow/example_dags/plugins/listener_plugin.py for tasks to queue
[2024-12-31T02:46:44.003+0000] {logging_mixin.py:188} INFO - [2024-12-31T02:46:44.003+0000] {dagbag.py:545} INFO - Filling up the DagBag from /home/airflow/.local/lib/python3.9/site-packages/airflow/example_dags/plugins/listener_plugin.py
[2024-12-31T02:46:44.007+0000] {processor.py:842} WARNING - No viable dags retrieved from /home/airflow/.local/lib/python3.9/site-packages/airflow/example_dags/plugins/listener_plugin.py
[2024-12-31T02:46:44.031+0000] {processor.py:183} INFO - Processing /home/airflow/.local/lib/python3.9/site-packages/airflow/example_dags/plugins/listener_plugin.py took 0.042 seconds
[2024-12-31T02:47:14.720+0000] {processor.py:161} INFO - Started process (PID=4774) to work on /home/airflow/.local/lib/python3.9/site-packages/airflow/example_dags/plugins/listener_plugin.py
[2024-12-31T02:47:14.721+0000] {processor.py:830} INFO - Processing file /home/airflow/.local/lib/python3.9/site-packages/airflow/example_dags/plugins/listener_plugin.py for tasks to queue
[2024-12-31T02:47:14.724+0000] {logging_mixin.py:188} INFO - [2024-12-31T02:47:14.724+0000] {dagbag.py:545} INFO - Filling up the DagBag from /home/airflow/.local/lib/python3.9/site-packages/airflow/example_dags/plugins/listener_plugin.py
[2024-12-31T02:47:14.728+0000] {processor.py:842} WARNING - No viable dags retrieved from /home/airflow/.local/lib/python3.9/site-packages/airflow/example_dags/plugins/listener_plugin.py
[2024-12-31T02:47:14.758+0000] {processor.py:183} INFO - Processing /home/airflow/.local/lib/python3.9/site-packages/airflow/example_dags/plugins/listener_plugin.py took 0.053 seconds
[2024-12-31T02:47:45.001+0000] {processor.py:161} INFO - Started process (PID=4841) to work on /home/airflow/.local/lib/python3.9/site-packages/airflow/example_dags/plugins/listener_plugin.py
[2024-12-31T02:47:45.002+0000] {processor.py:830} INFO - Processing file /home/airflow/.local/lib/python3.9/site-packages/airflow/example_dags/plugins/listener_plugin.py for tasks to queue
[2024-12-31T02:47:45.005+0000] {logging_mixin.py:188} INFO - [2024-12-31T02:47:45.004+0000] {dagbag.py:545} INFO - Filling up the DagBag from /home/airflow/.local/lib/python3.9/site-packages/airflow/example_dags/plugins/listener_plugin.py
[2024-12-31T02:47:45.009+0000] {processor.py:842} WARNING - No viable dags retrieved from /home/airflow/.local/lib/python3.9/site-packages/airflow/example_dags/plugins/listener_plugin.py
[2024-12-31T02:47:45.036+0000] {processor.py:183} INFO - Processing /home/airflow/.local/lib/python3.9/site-packages/airflow/example_dags/plugins/listener_plugin.py took 0.045 seconds
[2024-12-31T02:48:15.857+0000] {processor.py:161} INFO - Started process (PID=4908) to work on /home/airflow/.local/lib/python3.9/site-packages/airflow/example_dags/plugins/listener_plugin.py
[2024-12-31T02:48:15.859+0000] {processor.py:830} INFO - Processing file /home/airflow/.local/lib/python3.9/site-packages/airflow/example_dags/plugins/listener_plugin.py for tasks to queue
[2024-12-31T02:48:15.861+0000] {logging_mixin.py:188} INFO - [2024-12-31T02:48:15.860+0000] {dagbag.py:545} INFO - Filling up the DagBag from /home/airflow/.local/lib/python3.9/site-packages/airflow/example_dags/plugins/listener_plugin.py
[2024-12-31T02:48:15.865+0000] {processor.py:842} WARNING - No viable dags retrieved from /home/airflow/.local/lib/python3.9/site-packages/airflow/example_dags/plugins/listener_plugin.py
[2024-12-31T02:48:15.888+0000] {processor.py:183} INFO - Processing /home/airflow/.local/lib/python3.9/site-packages/airflow/example_dags/plugins/listener_plugin.py took 0.040 seconds
[2024-12-31T02:48:46.680+0000] {processor.py:161} INFO - Started process (PID=4981) to work on /home/airflow/.local/lib/python3.9/site-packages/airflow/example_dags/plugins/listener_plugin.py
[2024-12-31T02:48:46.681+0000] {processor.py:830} INFO - Processing file /home/airflow/.local/lib/python3.9/site-packages/airflow/example_dags/plugins/listener_plugin.py for tasks to queue
[2024-12-31T02:48:46.684+0000] {logging_mixin.py:188} INFO - [2024-12-31T02:48:46.684+0000] {dagbag.py:545} INFO - Filling up the DagBag from /home/airflow/.local/lib/python3.9/site-packages/airflow/example_dags/plugins/listener_plugin.py
[2024-12-31T02:48:46.697+0000] {processor.py:842} WARNING - No viable dags retrieved from /home/airflow/.local/lib/python3.9/site-packages/airflow/example_dags/plugins/listener_plugin.py
[2024-12-31T02:48:46.737+0000] {processor.py:183} INFO - Processing /home/airflow/.local/lib/python3.9/site-packages/airflow/example_dags/plugins/listener_plugin.py took 0.095 seconds
[2024-12-31T02:49:18.102+0000] {processor.py:161} INFO - Started process (PID=5048) to work on /home/airflow/.local/lib/python3.9/site-packages/airflow/example_dags/plugins/listener_plugin.py
[2024-12-31T02:49:18.115+0000] {processor.py:830} INFO - Processing file /home/airflow/.local/lib/python3.9/site-packages/airflow/example_dags/plugins/listener_plugin.py for tasks to queue
[2024-12-31T02:49:18.118+0000] {logging_mixin.py:188} INFO - [2024-12-31T02:49:18.118+0000] {dagbag.py:545} INFO - Filling up the DagBag from /home/airflow/.local/lib/python3.9/site-packages/airflow/example_dags/plugins/listener_plugin.py
[2024-12-31T02:49:18.122+0000] {processor.py:842} WARNING - No viable dags retrieved from /home/airflow/.local/lib/python3.9/site-packages/airflow/example_dags/plugins/listener_plugin.py
[2024-12-31T02:49:18.165+0000] {processor.py:183} INFO - Processing /home/airflow/.local/lib/python3.9/site-packages/airflow/example_dags/plugins/listener_plugin.py took 0.082 seconds
[2024-12-31T02:49:49.575+0000] {processor.py:161} INFO - Started process (PID=5115) to work on /home/airflow/.local/lib/python3.9/site-packages/airflow/example_dags/plugins/listener_plugin.py
[2024-12-31T02:49:49.576+0000] {processor.py:830} INFO - Processing file /home/airflow/.local/lib/python3.9/site-packages/airflow/example_dags/plugins/listener_plugin.py for tasks to queue
[2024-12-31T02:49:49.579+0000] {logging_mixin.py:188} INFO - [2024-12-31T02:49:49.579+0000] {dagbag.py:545} INFO - Filling up the DagBag from /home/airflow/.local/lib/python3.9/site-packages/airflow/example_dags/plugins/listener_plugin.py
[2024-12-31T02:49:49.583+0000] {processor.py:842} WARNING - No viable dags retrieved from /home/airflow/.local/lib/python3.9/site-packages/airflow/example_dags/plugins/listener_plugin.py
[2024-12-31T02:49:49.606+0000] {processor.py:183} INFO - Processing /home/airflow/.local/lib/python3.9/site-packages/airflow/example_dags/plugins/listener_plugin.py took 0.042 seconds
[2024-12-31T02:50:21.252+0000] {processor.py:161} INFO - Started process (PID=5182) to work on /home/airflow/.local/lib/python3.9/site-packages/airflow/example_dags/plugins/listener_plugin.py
[2024-12-31T02:50:21.254+0000] {processor.py:830} INFO - Processing file /home/airflow/.local/lib/python3.9/site-packages/airflow/example_dags/plugins/listener_plugin.py for tasks to queue
[2024-12-31T02:50:21.257+0000] {logging_mixin.py:188} INFO - [2024-12-31T02:50:21.256+0000] {dagbag.py:545} INFO - Filling up the DagBag from /home/airflow/.local/lib/python3.9/site-packages/airflow/example_dags/plugins/listener_plugin.py
[2024-12-31T02:50:21.261+0000] {processor.py:842} WARNING - No viable dags retrieved from /home/airflow/.local/lib/python3.9/site-packages/airflow/example_dags/plugins/listener_plugin.py
[2024-12-31T02:50:21.296+0000] {processor.py:183} INFO - Processing /home/airflow/.local/lib/python3.9/site-packages/airflow/example_dags/plugins/listener_plugin.py took 0.055 seconds
[2024-12-31T02:50:51.876+0000] {processor.py:161} INFO - Started process (PID=5250) to work on /home/airflow/.local/lib/python3.9/site-packages/airflow/example_dags/plugins/listener_plugin.py
[2024-12-31T02:50:51.877+0000] {processor.py:830} INFO - Processing file /home/airflow/.local/lib/python3.9/site-packages/airflow/example_dags/plugins/listener_plugin.py for tasks to queue
[2024-12-31T02:50:51.879+0000] {logging_mixin.py:188} INFO - [2024-12-31T02:50:51.879+0000] {dagbag.py:545} INFO - Filling up the DagBag from /home/airflow/.local/lib/python3.9/site-packages/airflow/example_dags/plugins/listener_plugin.py
[2024-12-31T02:50:51.883+0000] {processor.py:842} WARNING - No viable dags retrieved from /home/airflow/.local/lib/python3.9/site-packages/airflow/example_dags/plugins/listener_plugin.py
[2024-12-31T02:50:51.904+0000] {processor.py:183} INFO - Processing /home/airflow/.local/lib/python3.9/site-packages/airflow/example_dags/plugins/listener_plugin.py took 0.037 seconds
[2024-12-31T02:51:22.159+0000] {processor.py:161} INFO - Started process (PID=5316) to work on /home/airflow/.local/lib/python3.9/site-packages/airflow/example_dags/plugins/listener_plugin.py
[2024-12-31T02:51:22.161+0000] {processor.py:830} INFO - Processing file /home/airflow/.local/lib/python3.9/site-packages/airflow/example_dags/plugins/listener_plugin.py for tasks to queue
[2024-12-31T02:51:22.164+0000] {logging_mixin.py:188} INFO - [2024-12-31T02:51:22.163+0000] {dagbag.py:545} INFO - Filling up the DagBag from /home/airflow/.local/lib/python3.9/site-packages/airflow/example_dags/plugins/listener_plugin.py
[2024-12-31T02:51:22.176+0000] {processor.py:842} WARNING - No viable dags retrieved from /home/airflow/.local/lib/python3.9/site-packages/airflow/example_dags/plugins/listener_plugin.py
[2024-12-31T02:51:22.208+0000] {processor.py:183} INFO - Processing /home/airflow/.local/lib/python3.9/site-packages/airflow/example_dags/plugins/listener_plugin.py took 0.067 seconds
[2024-12-31T02:51:52.957+0000] {processor.py:161} INFO - Started process (PID=5390) to work on /home/airflow/.local/lib/python3.9/site-packages/airflow/example_dags/plugins/listener_plugin.py
[2024-12-31T02:51:52.958+0000] {processor.py:830} INFO - Processing file /home/airflow/.local/lib/python3.9/site-packages/airflow/example_dags/plugins/listener_plugin.py for tasks to queue
[2024-12-31T02:51:52.961+0000] {logging_mixin.py:188} INFO - [2024-12-31T02:51:52.960+0000] {dagbag.py:545} INFO - Filling up the DagBag from /home/airflow/.local/lib/python3.9/site-packages/airflow/example_dags/plugins/listener_plugin.py
[2024-12-31T02:51:52.964+0000] {processor.py:842} WARNING - No viable dags retrieved from /home/airflow/.local/lib/python3.9/site-packages/airflow/example_dags/plugins/listener_plugin.py
[2024-12-31T02:51:53.036+0000] {processor.py:183} INFO - Processing /home/airflow/.local/lib/python3.9/site-packages/airflow/example_dags/plugins/listener_plugin.py took 0.096 seconds
[2024-12-31T02:52:23.599+0000] {processor.py:161} INFO - Started process (PID=5457) to work on /home/airflow/.local/lib/python3.9/site-packages/airflow/example_dags/plugins/listener_plugin.py
[2024-12-31T02:52:23.601+0000] {processor.py:830} INFO - Processing file /home/airflow/.local/lib/python3.9/site-packages/airflow/example_dags/plugins/listener_plugin.py for tasks to queue
[2024-12-31T02:52:23.604+0000] {logging_mixin.py:188} INFO - [2024-12-31T02:52:23.603+0000] {dagbag.py:545} INFO - Filling up the DagBag from /home/airflow/.local/lib/python3.9/site-packages/airflow/example_dags/plugins/listener_plugin.py
[2024-12-31T02:52:23.607+0000] {processor.py:842} WARNING - No viable dags retrieved from /home/airflow/.local/lib/python3.9/site-packages/airflow/example_dags/plugins/listener_plugin.py
[2024-12-31T02:52:23.635+0000] {processor.py:183} INFO - Processing /home/airflow/.local/lib/python3.9/site-packages/airflow/example_dags/plugins/listener_plugin.py took 0.046 seconds
[2024-12-31T02:52:54.639+0000] {processor.py:161} INFO - Started process (PID=5527) to work on /home/airflow/.local/lib/python3.9/site-packages/airflow/example_dags/plugins/listener_plugin.py
[2024-12-31T02:52:54.641+0000] {processor.py:830} INFO - Processing file /home/airflow/.local/lib/python3.9/site-packages/airflow/example_dags/plugins/listener_plugin.py for tasks to queue
[2024-12-31T02:52:54.643+0000] {logging_mixin.py:188} INFO - [2024-12-31T02:52:54.643+0000] {dagbag.py:545} INFO - Filling up the DagBag from /home/airflow/.local/lib/python3.9/site-packages/airflow/example_dags/plugins/listener_plugin.py
[2024-12-31T02:52:54.647+0000] {processor.py:842} WARNING - No viable dags retrieved from /home/airflow/.local/lib/python3.9/site-packages/airflow/example_dags/plugins/listener_plugin.py
[2024-12-31T02:52:54.672+0000] {processor.py:183} INFO - Processing /home/airflow/.local/lib/python3.9/site-packages/airflow/example_dags/plugins/listener_plugin.py took 0.046 seconds
[2024-12-31T02:53:25.099+0000] {processor.py:161} INFO - Started process (PID=5594) to work on /home/airflow/.local/lib/python3.9/site-packages/airflow/example_dags/plugins/listener_plugin.py
[2024-12-31T02:53:25.101+0000] {processor.py:830} INFO - Processing file /home/airflow/.local/lib/python3.9/site-packages/airflow/example_dags/plugins/listener_plugin.py for tasks to queue
[2024-12-31T02:53:25.103+0000] {logging_mixin.py:188} INFO - [2024-12-31T02:53:25.103+0000] {dagbag.py:545} INFO - Filling up the DagBag from /home/airflow/.local/lib/python3.9/site-packages/airflow/example_dags/plugins/listener_plugin.py
[2024-12-31T02:53:25.107+0000] {processor.py:842} WARNING - No viable dags retrieved from /home/airflow/.local/lib/python3.9/site-packages/airflow/example_dags/plugins/listener_plugin.py
[2024-12-31T02:53:25.134+0000] {processor.py:183} INFO - Processing /home/airflow/.local/lib/python3.9/site-packages/airflow/example_dags/plugins/listener_plugin.py took 0.045 seconds
[2024-12-31T02:53:55.500+0000] {processor.py:161} INFO - Started process (PID=5661) to work on /home/airflow/.local/lib/python3.9/site-packages/airflow/example_dags/plugins/listener_plugin.py
[2024-12-31T02:53:55.502+0000] {processor.py:830} INFO - Processing file /home/airflow/.local/lib/python3.9/site-packages/airflow/example_dags/plugins/listener_plugin.py for tasks to queue
[2024-12-31T02:53:55.504+0000] {logging_mixin.py:188} INFO - [2024-12-31T02:53:55.504+0000] {dagbag.py:545} INFO - Filling up the DagBag from /home/airflow/.local/lib/python3.9/site-packages/airflow/example_dags/plugins/listener_plugin.py
[2024-12-31T02:53:55.516+0000] {processor.py:842} WARNING - No viable dags retrieved from /home/airflow/.local/lib/python3.9/site-packages/airflow/example_dags/plugins/listener_plugin.py
[2024-12-31T02:53:55.555+0000] {processor.py:183} INFO - Processing /home/airflow/.local/lib/python3.9/site-packages/airflow/example_dags/plugins/listener_plugin.py took 0.073 seconds
[2024-12-31T02:54:26.145+0000] {processor.py:161} INFO - Started process (PID=5735) to work on /home/airflow/.local/lib/python3.9/site-packages/airflow/example_dags/plugins/listener_plugin.py
[2024-12-31T02:54:26.155+0000] {processor.py:830} INFO - Processing file /home/airflow/.local/lib/python3.9/site-packages/airflow/example_dags/plugins/listener_plugin.py for tasks to queue
[2024-12-31T02:54:26.157+0000] {logging_mixin.py:188} INFO - [2024-12-31T02:54:26.157+0000] {dagbag.py:545} INFO - Filling up the DagBag from /home/airflow/.local/lib/python3.9/site-packages/airflow/example_dags/plugins/listener_plugin.py
[2024-12-31T02:54:26.161+0000] {processor.py:842} WARNING - No viable dags retrieved from /home/airflow/.local/lib/python3.9/site-packages/airflow/example_dags/plugins/listener_plugin.py
[2024-12-31T02:54:26.197+0000] {processor.py:183} INFO - Processing /home/airflow/.local/lib/python3.9/site-packages/airflow/example_dags/plugins/listener_plugin.py took 0.061 seconds
[2024-12-31T02:54:56.513+0000] {processor.py:161} INFO - Started process (PID=5802) to work on /home/airflow/.local/lib/python3.9/site-packages/airflow/example_dags/plugins/listener_plugin.py
[2024-12-31T02:54:56.514+0000] {processor.py:830} INFO - Processing file /home/airflow/.local/lib/python3.9/site-packages/airflow/example_dags/plugins/listener_plugin.py for tasks to queue
[2024-12-31T02:54:56.516+0000] {logging_mixin.py:188} INFO - [2024-12-31T02:54:56.516+0000] {dagbag.py:545} INFO - Filling up the DagBag from /home/airflow/.local/lib/python3.9/site-packages/airflow/example_dags/plugins/listener_plugin.py
[2024-12-31T02:54:56.520+0000] {processor.py:842} WARNING - No viable dags retrieved from /home/airflow/.local/lib/python3.9/site-packages/airflow/example_dags/plugins/listener_plugin.py
[2024-12-31T02:54:56.546+0000] {processor.py:183} INFO - Processing /home/airflow/.local/lib/python3.9/site-packages/airflow/example_dags/plugins/listener_plugin.py took 0.043 seconds
[2024-12-31T02:55:26.948+0000] {processor.py:161} INFO - Started process (PID=5869) to work on /home/airflow/.local/lib/python3.9/site-packages/airflow/example_dags/plugins/listener_plugin.py
[2024-12-31T02:55:26.955+0000] {processor.py:830} INFO - Processing file /home/airflow/.local/lib/python3.9/site-packages/airflow/example_dags/plugins/listener_plugin.py for tasks to queue
[2024-12-31T02:55:26.958+0000] {logging_mixin.py:188} INFO - [2024-12-31T02:55:26.957+0000] {dagbag.py:545} INFO - Filling up the DagBag from /home/airflow/.local/lib/python3.9/site-packages/airflow/example_dags/plugins/listener_plugin.py
[2024-12-31T02:55:26.963+0000] {processor.py:842} WARNING - No viable dags retrieved from /home/airflow/.local/lib/python3.9/site-packages/airflow/example_dags/plugins/listener_plugin.py
[2024-12-31T02:55:27.021+0000] {processor.py:183} INFO - Processing /home/airflow/.local/lib/python3.9/site-packages/airflow/example_dags/plugins/listener_plugin.py took 0.084 seconds
[2024-12-31T02:55:57.495+0000] {processor.py:161} INFO - Started process (PID=5936) to work on /home/airflow/.local/lib/python3.9/site-packages/airflow/example_dags/plugins/listener_plugin.py
[2024-12-31T02:55:57.496+0000] {processor.py:830} INFO - Processing file /home/airflow/.local/lib/python3.9/site-packages/airflow/example_dags/plugins/listener_plugin.py for tasks to queue
[2024-12-31T02:55:57.499+0000] {logging_mixin.py:188} INFO - [2024-12-31T02:55:57.498+0000] {dagbag.py:545} INFO - Filling up the DagBag from /home/airflow/.local/lib/python3.9/site-packages/airflow/example_dags/plugins/listener_plugin.py
[2024-12-31T02:55:57.502+0000] {processor.py:842} WARNING - No viable dags retrieved from /home/airflow/.local/lib/python3.9/site-packages/airflow/example_dags/plugins/listener_plugin.py
[2024-12-31T02:55:57.540+0000] {processor.py:183} INFO - Processing /home/airflow/.local/lib/python3.9/site-packages/airflow/example_dags/plugins/listener_plugin.py took 0.062 seconds
[2024-12-31T02:56:28.111+0000] {processor.py:161} INFO - Started process (PID=6003) to work on /home/airflow/.local/lib/python3.9/site-packages/airflow/example_dags/plugins/listener_plugin.py
[2024-12-31T02:56:28.113+0000] {processor.py:830} INFO - Processing file /home/airflow/.local/lib/python3.9/site-packages/airflow/example_dags/plugins/listener_plugin.py for tasks to queue
[2024-12-31T02:56:28.115+0000] {logging_mixin.py:188} INFO - [2024-12-31T02:56:28.115+0000] {dagbag.py:545} INFO - Filling up the DagBag from /home/airflow/.local/lib/python3.9/site-packages/airflow/example_dags/plugins/listener_plugin.py
[2024-12-31T02:56:28.120+0000] {processor.py:842} WARNING - No viable dags retrieved from /home/airflow/.local/lib/python3.9/site-packages/airflow/example_dags/plugins/listener_plugin.py
[2024-12-31T02:56:28.143+0000] {processor.py:183} INFO - Processing /home/airflow/.local/lib/python3.9/site-packages/airflow/example_dags/plugins/listener_plugin.py took 0.042 seconds
[2024-12-31T02:56:58.660+0000] {processor.py:161} INFO - Started process (PID=6077) to work on /home/airflow/.local/lib/python3.9/site-packages/airflow/example_dags/plugins/listener_plugin.py
[2024-12-31T02:56:58.661+0000] {processor.py:830} INFO - Processing file /home/airflow/.local/lib/python3.9/site-packages/airflow/example_dags/plugins/listener_plugin.py for tasks to queue
[2024-12-31T02:56:58.664+0000] {logging_mixin.py:188} INFO - [2024-12-31T02:56:58.663+0000] {dagbag.py:545} INFO - Filling up the DagBag from /home/airflow/.local/lib/python3.9/site-packages/airflow/example_dags/plugins/listener_plugin.py
[2024-12-31T02:56:58.676+0000] {processor.py:842} WARNING - No viable dags retrieved from /home/airflow/.local/lib/python3.9/site-packages/airflow/example_dags/plugins/listener_plugin.py
[2024-12-31T02:56:58.715+0000] {processor.py:183} INFO - Processing /home/airflow/.local/lib/python3.9/site-packages/airflow/example_dags/plugins/listener_plugin.py took 0.074 seconds
[2024-12-31T02:57:28.850+0000] {processor.py:161} INFO - Started process (PID=6144) to work on /home/airflow/.local/lib/python3.9/site-packages/airflow/example_dags/plugins/listener_plugin.py
[2024-12-31T02:57:28.852+0000] {processor.py:830} INFO - Processing file /home/airflow/.local/lib/python3.9/site-packages/airflow/example_dags/plugins/listener_plugin.py for tasks to queue
[2024-12-31T02:57:28.854+0000] {logging_mixin.py:188} INFO - [2024-12-31T02:57:28.854+0000] {dagbag.py:545} INFO - Filling up the DagBag from /home/airflow/.local/lib/python3.9/site-packages/airflow/example_dags/plugins/listener_plugin.py
[2024-12-31T02:57:28.859+0000] {processor.py:842} WARNING - No viable dags retrieved from /home/airflow/.local/lib/python3.9/site-packages/airflow/example_dags/plugins/listener_plugin.py
[2024-12-31T02:57:28.891+0000] {processor.py:183} INFO - Processing /home/airflow/.local/lib/python3.9/site-packages/airflow/example_dags/plugins/listener_plugin.py took 0.053 seconds
[2024-12-31T02:57:59.594+0000] {processor.py:161} INFO - Started process (PID=6211) to work on /home/airflow/.local/lib/python3.9/site-packages/airflow/example_dags/plugins/listener_plugin.py
[2024-12-31T02:57:59.596+0000] {processor.py:830} INFO - Processing file /home/airflow/.local/lib/python3.9/site-packages/airflow/example_dags/plugins/listener_plugin.py for tasks to queue
[2024-12-31T02:57:59.598+0000] {logging_mixin.py:188} INFO - [2024-12-31T02:57:59.598+0000] {dagbag.py:545} INFO - Filling up the DagBag from /home/airflow/.local/lib/python3.9/site-packages/airflow/example_dags/plugins/listener_plugin.py
[2024-12-31T02:57:59.602+0000] {processor.py:842} WARNING - No viable dags retrieved from /home/airflow/.local/lib/python3.9/site-packages/airflow/example_dags/plugins/listener_plugin.py
[2024-12-31T02:57:59.642+0000] {processor.py:183} INFO - Processing /home/airflow/.local/lib/python3.9/site-packages/airflow/example_dags/plugins/listener_plugin.py took 0.066 seconds
[2024-12-31T02:58:30.752+0000] {processor.py:161} INFO - Started process (PID=6278) to work on /home/airflow/.local/lib/python3.9/site-packages/airflow/example_dags/plugins/listener_plugin.py
[2024-12-31T02:58:30.754+0000] {processor.py:830} INFO - Processing file /home/airflow/.local/lib/python3.9/site-packages/airflow/example_dags/plugins/listener_plugin.py for tasks to queue
[2024-12-31T02:58:30.756+0000] {logging_mixin.py:188} INFO - [2024-12-31T02:58:30.756+0000] {dagbag.py:545} INFO - Filling up the DagBag from /home/airflow/.local/lib/python3.9/site-packages/airflow/example_dags/plugins/listener_plugin.py
[2024-12-31T02:58:30.760+0000] {processor.py:842} WARNING - No viable dags retrieved from /home/airflow/.local/lib/python3.9/site-packages/airflow/example_dags/plugins/listener_plugin.py
[2024-12-31T02:58:30.782+0000] {processor.py:183} INFO - Processing /home/airflow/.local/lib/python3.9/site-packages/airflow/example_dags/plugins/listener_plugin.py took 0.040 seconds
